
*** Running vivado
    with args -log nfsr_bech.vds -m64 -product Vivado -mode batch -messageDb vivado.pb -notrace -source nfsr_bech.tcl


****** Vivado v2022.2 (64-bit)
  **** SW Build 3671981 on Fri Oct 14 04:59:54 MDT 2022
  **** IP Build 3669848 on Fri Oct 14 08:30:02 MDT 2022
    ** Copyright 1986-2022 Xilinx, Inc. All Rights Reserved.

source nfsr_bech.tcl -notrace
create_project: Time (s): cpu = 00:00:04 ; elapsed = 00:00:48 . Memory (MB): peak = 1244.027 ; gain = 26.023 ; free physical = 508 ; free virtual = 736
Command: read_checkpoint -auto_incremental -incremental /home/nate/Desktop/senior_design/src/NSFR_FPGA/NSFR_FPGA.srcs/utils_1/imports/synth_1/nfsr_bech.dcp
INFO: [Vivado 12-5825] Read reference checkpoint from /home/nate/Desktop/senior_design/src/NSFR_FPGA/NSFR_FPGA.srcs/utils_1/imports/synth_1/nfsr_bech.dcp for incremental synthesis
INFO: [Vivado 12-7989] Please ensure there are no constraint changes
Command: synth_design -top nfsr_bech -part xc7a100tcsg324-3
Starting synth_design
Attempting to get a license for feature 'Synthesis' and/or device 'xc7a100t'
INFO: [Common 17-349] Got license for feature 'Synthesis' and/or device 'xc7a100t'
INFO: [Device 21-403] Loading part xc7a100tcsg324-3
INFO: [Designutils 20-5440] No compile time benefit to using incremental synthesis; A full resynthesis will be run
INFO: [Designutils 20-4379] Flow is switching to default flow due to incremental criteria not met. If you would like to alter this behaviour and have the flow terminate instead, please set the following parameter config_implementation {autoIncr.Synth.RejectBehavior Terminate}
INFO: [Synth 8-7079] Multithreading enabled for synth_design using a maximum of 4 processes.
INFO: [Synth 8-7078] Launching helper process for spawning children vivado processes
INFO: [Synth 8-7075] Helper process launched with PID 3214546
INFO: [Synth 8-11241] undeclared symbol 'REGCCE', assumed default net type 'wire' [/tools/Vivado/2022.2/data/verilog/src/unimacro/BRAM_SINGLE_MACRO.v:2170]
WARNING: [Synth 8-11121] redeclaration of ANSI port 'LED' is not allowed [/home/nate/Desktop/senior_design/src/NSFR_FPGA/NSFR_FPGA.srcs/sources_1/new/nfsr_bech.sv:33]
---------------------------------------------------------------------------------
Starting RTL Elaboration : Time (s): cpu = 00:00:03 ; elapsed = 00:00:05 . Memory (MB): peak = 1968.711 ; gain = 373.738 ; free physical = 3084 ; free virtual = 3770
Synthesis current peak Physical Memory [PSS] (MB): peak = 1400.300; parent = 1023.879; children = 376.421
Synthesis current peak Virtual Memory [VSS] (MB): peak = 3023.801; parent = 1968.715; children = 1055.086
---------------------------------------------------------------------------------
INFO: [Synth 8-6157] synthesizing module 'nfsr_bech' [/home/nate/Desktop/senior_design/src/NSFR_FPGA/NSFR_FPGA.srcs/sources_1/new/nfsr_bech.sv:23]
INFO: [Synth 8-6155] done synthesizing module 'nfsr_bech' (0#1) [/home/nate/Desktop/senior_design/src/NSFR_FPGA/NSFR_FPGA.srcs/sources_1/new/nfsr_bech.sv:23]
WARNING: [Synth 8-6014] Unused sequential element nfsr_reg was removed.  [/home/nate/Desktop/senior_design/src/NSFR_FPGA/NSFR_FPGA.srcs/sources_1/new/nfsr_bech.sv:40]
WARNING: [Synth 8-6014] Unused sequential element obit_reg was removed.  [/home/nate/Desktop/senior_design/src/NSFR_FPGA/NSFR_FPGA.srcs/sources_1/new/nfsr_bech.sv:48]
WARNING: [Synth 8-6014] Unused sequential element ibit_reg was removed.  [/home/nate/Desktop/senior_design/src/NSFR_FPGA/NSFR_FPGA.srcs/sources_1/new/nfsr_bech.sv:49]
---------------------------------------------------------------------------------
Finished RTL Elaboration : Time (s): cpu = 00:00:04 ; elapsed = 00:00:06 . Memory (MB): peak = 2034.680 ; gain = 439.707 ; free physical = 3166 ; free virtual = 3857
Synthesis current peak Physical Memory [PSS] (MB): peak = 1400.300; parent = 1023.879; children = 376.421
Synthesis current peak Virtual Memory [VSS] (MB): peak = 3089.770; parent = 2034.684; children = 1055.086
---------------------------------------------------------------------------------
---------------------------------------------------------------------------------
Start Handling Custom Attributes
---------------------------------------------------------------------------------
---------------------------------------------------------------------------------
Finished Handling Custom Attributes : Time (s): cpu = 00:00:04 ; elapsed = 00:00:06 . Memory (MB): peak = 2052.492 ; gain = 457.520 ; free physical = 3166 ; free virtual = 3857
Synthesis current peak Physical Memory [PSS] (MB): peak = 1400.300; parent = 1023.879; children = 376.421
Synthesis current peak Virtual Memory [VSS] (MB): peak = 3107.582; parent = 2052.496; children = 1055.086
---------------------------------------------------------------------------------
---------------------------------------------------------------------------------
Finished RTL Optimization Phase 1 : Time (s): cpu = 00:00:04 ; elapsed = 00:00:06 . Memory (MB): peak = 2052.492 ; gain = 457.520 ; free physical = 3166 ; free virtual = 3857
Synthesis current peak Physical Memory [PSS] (MB): peak = 1400.300; parent = 1023.879; children = 376.421
Synthesis current peak Virtual Memory [VSS] (MB): peak = 3107.582; parent = 2052.496; children = 1055.086
---------------------------------------------------------------------------------
Netlist sorting complete. Time (s): cpu = 00:00:00 ; elapsed = 00:00:00.01 . Memory (MB): peak = 2052.492 ; gain = 0.000 ; free physical = 3158 ; free virtual = 3852
INFO: [Project 1-570] Preparing netlist for logic optimization

Processing XDC Constraints
Initializing timing engine
Parsing XDC File [/home/nate/Desktop/senior_design/src/NSFR_FPGA/NSFR_FPGA.srcs/constrs_1/imports/src/Nexys4DDR_master.xdc]
Finished Parsing XDC File [/home/nate/Desktop/senior_design/src/NSFR_FPGA/NSFR_FPGA.srcs/constrs_1/imports/src/Nexys4DDR_master.xdc]
INFO: [Project 1-236] Implementation specific constraints were found while reading constraint file [/home/nate/Desktop/senior_design/src/NSFR_FPGA/NSFR_FPGA.srcs/constrs_1/imports/src/Nexys4DDR_master.xdc]. These constraints will be ignored for synthesis but will be used in implementation. Impacted constraints are listed in the file [.Xil/nfsr_bech_propImpl.xdc].
Resolution: To avoid this warning, move constraints listed in [.Xil/nfsr_bech_propImpl.xdc] to another XDC file and exclude this new file from synthesis with the used_in_synthesis property (File Properties dialog in GUI) and re-run elaboration/synthesis.
Completed Processing XDC Constraints

Netlist sorting complete. Time (s): cpu = 00:00:00 ; elapsed = 00:00:00 . Memory (MB): peak = 2193.242 ; gain = 0.000 ; free physical = 3028 ; free virtual = 3774
INFO: [Project 1-111] Unisim Transformation Summary:
No Unisim elements were transformed.

Constraint Validation Runtime : Time (s): cpu = 00:00:00 ; elapsed = 00:00:00 . Memory (MB): peak = 2193.242 ; gain = 0.000 ; free physical = 3026 ; free virtual = 3773
INFO: [Designutils 20-5440] No compile time benefit to using incremental synthesis; A full resynthesis will be run
INFO: [Designutils 20-4379] Flow is switching to default flow due to incremental criteria not met. If you would like to alter this behaviour and have the flow terminate instead, please set the following parameter config_implementation {autoIncr.Synth.RejectBehavior Terminate}
INFO: [Synth 8-11241] undeclared symbol 'REGCCE', assumed default net type 'wire' [/tools/Vivado/2022.2/data/verilog/src/unimacro/BRAM_SINGLE_MACRO.v:2170]
---------------------------------------------------------------------------------
Finished Constraint Validation : Time (s): cpu = 00:00:09 ; elapsed = 00:00:11 . Memory (MB): peak = 2193.242 ; gain = 598.270 ; free physical = 3054 ; free virtual = 3827
Synthesis current peak Physical Memory [PSS] (MB): peak = 1400.300; parent = 1034.729; children = 376.421
Synthesis current peak Virtual Memory [VSS] (MB): peak = 3216.316; parent = 2161.230; children = 1055.086
---------------------------------------------------------------------------------
---------------------------------------------------------------------------------
Start Loading Part and Timing Information
---------------------------------------------------------------------------------
Loading part: xc7a100tcsg324-3
---------------------------------------------------------------------------------
Finished Loading Part and Timing Information : Time (s): cpu = 00:00:09 ; elapsed = 00:00:11 . Memory (MB): peak = 2193.242 ; gain = 598.270 ; free physical = 3054 ; free virtual = 3827
Synthesis current peak Physical Memory [PSS] (MB): peak = 1400.300; parent = 1034.729; children = 376.421
Synthesis current peak Virtual Memory [VSS] (MB): peak = 3216.316; parent = 2161.230; children = 1055.086
---------------------------------------------------------------------------------
---------------------------------------------------------------------------------
Start Applying 'set_property' XDC Constraints
---------------------------------------------------------------------------------
---------------------------------------------------------------------------------
Finished applying 'set_property' XDC Constraints : Time (s): cpu = 00:00:09 ; elapsed = 00:00:11 . Memory (MB): peak = 2193.242 ; gain = 598.270 ; free physical = 3054 ; free virtual = 3827
Synthesis current peak Physical Memory [PSS] (MB): peak = 1400.300; parent = 1034.729; children = 376.421
Synthesis current peak Virtual Memory [VSS] (MB): peak = 3216.316; parent = 2161.230; children = 1055.086
---------------------------------------------------------------------------------
---------------------------------------------------------------------------------
Finished RTL Optimization Phase 2 : Time (s): cpu = 00:00:09 ; elapsed = 00:00:12 . Memory (MB): peak = 2193.242 ; gain = 598.270 ; free physical = 3028 ; free virtual = 3814
Synthesis current peak Physical Memory [PSS] (MB): peak = 1400.300; parent = 1034.729; children = 376.421
Synthesis current peak Virtual Memory [VSS] (MB): peak = 3216.316; parent = 2161.230; children = 1055.086
---------------------------------------------------------------------------------
---------------------------------------------------------------------------------
Start RTL Component Statistics 
---------------------------------------------------------------------------------
Detailed RTL Component Info : 
+---Registers : 
	                1 Bit    Registers := 1     
+---Muxes : 
	   2 Input    1 Bit        Muxes := 1     
---------------------------------------------------------------------------------
Finished RTL Component Statistics 
---------------------------------------------------------------------------------
---------------------------------------------------------------------------------
Start Part Resource Summary
---------------------------------------------------------------------------------
Part Resources:
DSPs: 240 (col length:80)
BRAMs: 270 (col length: RAMB18 80 RAMB36 40)
---------------------------------------------------------------------------------
Finished Part Resource Summary
---------------------------------------------------------------------------------
---------------------------------------------------------------------------------
Start Cross Boundary and Area Optimization
---------------------------------------------------------------------------------
WARNING: [Synth 8-7080] Parallel synthesis criteria is not met
---------------------------------------------------------------------------------
Finished Cross Boundary and Area Optimization : Time (s): cpu = 00:00:10 ; elapsed = 00:00:12 . Memory (MB): peak = 2193.242 ; gain = 598.270 ; free physical = 3019 ; free virtual = 3811
Synthesis current peak Physical Memory [PSS] (MB): peak = 1400.300; parent = 1038.405; children = 376.421
Synthesis current peak Virtual Memory [VSS] (MB): peak = 3216.316; parent = 2161.230; children = 1055.086
---------------------------------------------------------------------------------
---------------------------------------------------------------------------------
Start Applying XDC Timing Constraints
---------------------------------------------------------------------------------
---------------------------------------------------------------------------------
Finished Applying XDC Timing Constraints : Time (s): cpu = 00:00:14 ; elapsed = 00:00:16 . Memory (MB): peak = 2193.242 ; gain = 598.270 ; free physical = 2900 ; free virtual = 3701
Synthesis current peak Physical Memory [PSS] (MB): peak = 1516.142; parent = 1156.357; children = 376.421
Synthesis current peak Virtual Memory [VSS] (MB): peak = 3216.316; parent = 2161.230; children = 1055.086
---------------------------------------------------------------------------------
---------------------------------------------------------------------------------
Start Timing Optimization
---------------------------------------------------------------------------------
---------------------------------------------------------------------------------
Finished Timing Optimization : Time (s): cpu = 00:00:14 ; elapsed = 00:00:17 . Memory (MB): peak = 2193.242 ; gain = 598.270 ; free physical = 2897 ; free virtual = 3698
Synthesis current peak Physical Memory [PSS] (MB): peak = 1516.856; parent = 1157.102; children = 376.421
Synthesis current peak Virtual Memory [VSS] (MB): peak = 3216.316; parent = 2161.230; children = 1055.086
---------------------------------------------------------------------------------
---------------------------------------------------------------------------------
Start Technology Mapping
---------------------------------------------------------------------------------
---------------------------------------------------------------------------------
Finished Technology Mapping : Time (s): cpu = 00:00:14 ; elapsed = 00:00:17 . Memory (MB): peak = 2193.242 ; gain = 598.270 ; free physical = 2897 ; free virtual = 3697
Synthesis current peak Physical Memory [PSS] (MB): peak = 1517.157; parent = 1157.402; children = 376.421
Synthesis current peak Virtual Memory [VSS] (MB): peak = 3216.316; parent = 2161.230; children = 1055.086
---------------------------------------------------------------------------------
---------------------------------------------------------------------------------
Start IO Insertion
---------------------------------------------------------------------------------
---------------------------------------------------------------------------------
Start Flattening Before IO Insertion
---------------------------------------------------------------------------------
---------------------------------------------------------------------------------
Finished Flattening Before IO Insertion
---------------------------------------------------------------------------------
---------------------------------------------------------------------------------
Start Final Netlist Cleanup
---------------------------------------------------------------------------------
---------------------------------------------------------------------------------
Finished Final Netlist Cleanup
---------------------------------------------------------------------------------
---------------------------------------------------------------------------------
Finished IO Insertion : Time (s): cpu = 00:00:17 ; elapsed = 00:00:19 . Memory (MB): peak = 2193.242 ; gain = 598.270 ; free physical = 2890 ; free virtual = 3697
Synthesis current peak Physical Memory [PSS] (MB): peak = 1517.233; parent = 1157.519; children = 376.421
Synthesis current peak Virtual Memory [VSS] (MB): peak = 3216.316; parent = 2161.230; children = 1055.086
---------------------------------------------------------------------------------
---------------------------------------------------------------------------------
Start Renaming Generated Instances
---------------------------------------------------------------------------------
---------------------------------------------------------------------------------
Finished Renaming Generated Instances : Time (s): cpu = 00:00:17 ; elapsed = 00:00:19 . Memory (MB): peak = 2193.242 ; gain = 598.270 ; free physical = 2890 ; free virtual = 3697
Synthesis current peak Physical Memory [PSS] (MB): peak = 1517.249; parent = 1157.534; children = 376.421
Synthesis current peak Virtual Memory [VSS] (MB): peak = 3216.316; parent = 2161.230; children = 1055.086
---------------------------------------------------------------------------------
---------------------------------------------------------------------------------
Start Rebuilding User Hierarchy
---------------------------------------------------------------------------------
---------------------------------------------------------------------------------
Finished Rebuilding User Hierarchy : Time (s): cpu = 00:00:17 ; elapsed = 00:00:19 . Memory (MB): peak = 2193.242 ; gain = 598.270 ; free physical = 2890 ; free virtual = 3697
Synthesis current peak Physical Memory [PSS] (MB): peak = 1517.265; parent = 1157.550; children = 376.421
Synthesis current peak Virtual Memory [VSS] (MB): peak = 3216.316; parent = 2161.230; children = 1055.086
---------------------------------------------------------------------------------
---------------------------------------------------------------------------------
Start Renaming Generated Ports
---------------------------------------------------------------------------------
---------------------------------------------------------------------------------
Finished Renaming Generated Ports : Time (s): cpu = 00:00:17 ; elapsed = 00:00:19 . Memory (MB): peak = 2193.242 ; gain = 598.270 ; free physical = 2890 ; free virtual = 3697
Synthesis current peak Physical Memory [PSS] (MB): peak = 1517.265; parent = 1157.550; children = 376.421
Synthesis current peak Virtual Memory [VSS] (MB): peak = 3216.316; parent = 2161.230; children = 1055.086
---------------------------------------------------------------------------------
---------------------------------------------------------------------------------
Start Handling Custom Attributes
---------------------------------------------------------------------------------
---------------------------------------------------------------------------------
Finished Handling Custom Attributes : Time (s): cpu = 00:00:17 ; elapsed = 00:00:19 . Memory (MB): peak = 2193.242 ; gain = 598.270 ; free physical = 2890 ; free virtual = 3697
Synthesis current peak Physical Memory [PSS] (MB): peak = 1517.265; parent = 1157.550; children = 376.421
Synthesis current peak Virtual Memory [VSS] (MB): peak = 3216.316; parent = 2161.230; children = 1055.086
---------------------------------------------------------------------------------
---------------------------------------------------------------------------------
Start Renaming Generated Nets
---------------------------------------------------------------------------------
---------------------------------------------------------------------------------
Finished Renaming Generated Nets : Time (s): cpu = 00:00:17 ; elapsed = 00:00:20 . Memory (MB): peak = 2193.242 ; gain = 598.270 ; free physical = 2890 ; free virtual = 3697
Synthesis current peak Physical Memory [PSS] (MB): peak = 1517.280; parent = 1157.565; children = 376.421
Synthesis current peak Virtual Memory [VSS] (MB): peak = 3216.316; parent = 2161.230; children = 1055.086
---------------------------------------------------------------------------------
---------------------------------------------------------------------------------
Start Writing Synthesis Report
---------------------------------------------------------------------------------

Report BlackBoxes: 
+-+--------------+----------+
| |BlackBox name |Instances |
+-+--------------+----------+
+-+--------------+----------+

Report Cell Usage: 
+------+-------+------+
|      |Cell   |Count |
+------+-------+------+
|1     |BUFG   |     1|
|2     |CARRY4 |    12|
|3     |LUT1   |     3|
|4     |LUT4   |     4|
|5     |LUT5   |     6|
|6     |FDRE   |    49|
|7     |IBUF   |     2|
|8     |OBUF   |    16|
+------+-------+------+
---------------------------------------------------------------------------------
Finished Writing Synthesis Report : Time (s): cpu = 00:00:17 ; elapsed = 00:00:20 . Memory (MB): peak = 2193.242 ; gain = 598.270 ; free physical = 2890 ; free virtual = 3697
Synthesis current peak Physical Memory [PSS] (MB): peak = 1517.312; parent = 1157.597; children = 376.421
Synthesis current peak Virtual Memory [VSS] (MB): peak = 3216.316; parent = 2161.230; children = 1055.086
---------------------------------------------------------------------------------
Synthesis finished with 0 errors, 0 critical warnings and 1 warnings.
Synthesis Optimization Runtime : Time (s): cpu = 00:00:15 ; elapsed = 00:00:18 . Memory (MB): peak = 2193.242 ; gain = 457.520 ; free physical = 2935 ; free virtual = 3741
Synthesis Optimization Complete : Time (s): cpu = 00:00:17 ; elapsed = 00:00:20 . Memory (MB): peak = 2193.242 ; gain = 598.270 ; free physical = 2935 ; free virtual = 3741
INFO: [Project 1-571] Translating synthesized netlist
Netlist sorting complete. Time (s): cpu = 00:00:00 ; elapsed = 00:00:00 . Memory (MB): peak = 2193.242 ; gain = 0.000 ; free physical = 3042 ; free virtual = 3851
INFO: [Netlist 29-17] Analyzing 12 Unisim elements for replacement
INFO: [Netlist 29-28] Unisim Transformation completed in 0 CPU seconds
INFO: [Project 1-570] Preparing netlist for logic optimization
INFO: [Opt 31-138] Pushed 0 inverter(s) to 0 load pin(s).
Netlist sorting complete. Time (s): cpu = 00:00:00 ; elapsed = 00:00:00 . Memory (MB): peak = 2193.242 ; gain = 0.000 ; free physical = 2980 ; free virtual = 3792
INFO: [Project 1-111] Unisim Transformation Summary:
No Unisim elements were transformed.

Synth Design complete, checksum: 8414202d
INFO: [Common 17-83] Releasing license: Synthesis
25 Infos, 5 Warnings, 0 Critical Warnings and 0 Errors encountered.
synth_design completed successfully
synth_design: Time (s): cpu = 00:00:22 ; elapsed = 00:00:23 . Memory (MB): peak = 2193.242 ; gain = 925.402 ; free physical = 3185 ; free virtual = 3998
INFO: [Common 17-1381] The checkpoint '/home/nate/Desktop/senior_design/src/NSFR_FPGA/NSFR_FPGA.runs/synth_1/nfsr_bech.dcp' has been generated.
INFO: [runtcl-4] Executing : report_utilization -file nfsr_bech_utilization_synth.rpt -pb nfsr_bech_utilization_synth.pb
INFO: [Common 17-206] Exiting Vivado at Sun Apr 23 22:49:47 2023...
