
*** Running vivado
    with args -log simple_uart_tx.vds -m64 -product Vivado -mode batch -messageDb vivado.pb -notrace -source simple_uart_tx.tcl


****** Vivado v2022.2 (64-bit)
  **** SW Build 3671981 on Fri Oct 14 04:59:54 MDT 2022
  **** IP Build 3669848 on Fri Oct 14 08:30:02 MDT 2022
    ** Copyright 1986-2022 Xilinx, Inc. All Rights Reserved.

source simple_uart_tx.tcl -notrace
Command: read_checkpoint -auto_incremental -incremental /home/nhatvan1561/Desktop/senior_design/src/fpga_practice/project_4/project_4.srcs/utils_1/imports/synth_1/simple_uart_rx.dcp
INFO: [Vivado 12-5825] Read reference checkpoint from /home/nhatvan1561/Desktop/senior_design/src/fpga_practice/project_4/project_4.srcs/utils_1/imports/synth_1/simple_uart_rx.dcp for incremental synthesis
INFO: [Vivado 12-7989] Please ensure there are no constraint changes
Command: synth_design -top simple_uart_tx -part xc7a100tcsg324-3
Starting synth_design
Attempting to get a license for feature 'Synthesis' and/or device 'xc7a100t'
INFO: [Common 17-349] Got license for feature 'Synthesis' and/or device 'xc7a100t'
INFO: [Device 21-403] Loading part xc7a100tcsg324-3
INFO: [Designutils 20-5440] No compile time benefit to using incremental synthesis; A full resynthesis will be run
INFO: [Designutils 20-4379] Flow is switching to default flow due to incremental criteria not met. If you would like to alter this behaviour and have the flow terminate instead, please set the following parameter config_implementation {autoIncr.Synth.RejectBehavior Terminate}
INFO: [Synth 8-7079] Multithreading enabled for synth_design using a maximum of 4 processes.
INFO: [Synth 8-7078] Launching helper process for spawning children vivado processes
INFO: [Synth 8-7075] Helper process launched with PID 18715
INFO: [Synth 8-11241] undeclared symbol 'REGCCE', assumed default net type 'wire' [/tools/Xilinx/Vivado/2022.2/data/verilog/src/unimacro/BRAM_SINGLE_MACRO.v:2170]
WARNING: [Synth 8-11121] redeclaration of ANSI port 'active' is not allowed [/home/nhatvan1561/Desktop/senior_design/src/fpga_practice/project_4/project_4.srcs/sources_1/new/simple_uart_tx.sv:29]
WARNING: [Synth 8-11121] redeclaration of ANSI port 'serial' is not allowed [/home/nhatvan1561/Desktop/senior_design/src/fpga_practice/project_4/project_4.srcs/sources_1/new/simple_uart_tx.sv:30]
WARNING: [Synth 8-11121] redeclaration of ANSI port 'done' is not allowed [/home/nhatvan1561/Desktop/senior_design/src/fpga_practice/project_4/project_4.srcs/sources_1/new/simple_uart_tx.sv:31]
---------------------------------------------------------------------------------
Starting RTL Elaboration : Time (s): cpu = 00:00:03 ; elapsed = 00:00:04 . Memory (MB): peak = 1954.922 ; gain = 372.738 ; free physical = 668 ; free virtual = 8145
Synthesis current peak Physical Memory [PSS] (MB): peak = 1476.418; parent = 1233.362; children = 243.056
Synthesis current peak Virtual Memory [VSS] (MB): peak = 2937.328; parent = 1954.926; children = 982.402
---------------------------------------------------------------------------------
INFO: [Synth 8-6157] synthesizing module 'simple_uart_tx' [/home/nhatvan1561/Desktop/senior_design/src/fpga_practice/project_4/project_4.srcs/sources_1/new/simple_uart_tx.sv:23]
INFO: [Synth 8-6157] synthesizing module 'u_tx' [/home/nhatvan1561/Desktop/senior_design/src/fpga_practice/project_4/project_4.srcs/sources_1/new/u_tx.sv:14]
INFO: [Synth 8-6155] done synthesizing module 'u_tx' (0#1) [/home/nhatvan1561/Desktop/senior_design/src/fpga_practice/project_4/project_4.srcs/sources_1/new/u_tx.sv:14]
INFO: [Synth 8-6155] done synthesizing module 'simple_uart_tx' (0#1) [/home/nhatvan1561/Desktop/senior_design/src/fpga_practice/project_4/project_4.srcs/sources_1/new/simple_uart_tx.sv:23]
WARNING: [Synth 8-7137] Register o_TX_Done_reg in module u_tx has both Set and reset with same priority. This may cause simulation mismatches. Consider rewriting code  [/home/nhatvan1561/Desktop/senior_design/src/fpga_practice/project_4/project_4.srcs/sources_1/new/u_tx.sv:47]
WARNING: [Synth 8-7137] Register o_TX_Serial_reg in module u_tx has both Set and reset with same priority. This may cause simulation mismatches. Consider rewriting code  [/home/nhatvan1561/Desktop/senior_design/src/fpga_practice/project_4/project_4.srcs/sources_1/new/u_tx.sv:52]
WARNING: [Synth 8-7137] Register r_Clock_Count_reg in module u_tx has both Set and reset with same priority. This may cause simulation mismatches. Consider rewriting code  [/home/nhatvan1561/Desktop/senior_design/src/fpga_practice/project_4/project_4.srcs/sources_1/new/u_tx.sv:53]
WARNING: [Synth 8-7137] Register r_Bit_Index_reg in module u_tx has both Set and reset with same priority. This may cause simulation mismatches. Consider rewriting code  [/home/nhatvan1561/Desktop/senior_design/src/fpga_practice/project_4/project_4.srcs/sources_1/new/u_tx.sv:54]
WARNING: [Synth 8-7137] Register o_TX_Active_reg in module u_tx has both Set and reset with same priority. This may cause simulation mismatches. Consider rewriting code  [/home/nhatvan1561/Desktop/senior_design/src/fpga_practice/project_4/project_4.srcs/sources_1/new/u_tx.sv:58]
WARNING: [Synth 8-7137] Register r_TX_Data_reg in module u_tx has both Set and reset with same priority. This may cause simulation mismatches. Consider rewriting code  [/home/nhatvan1561/Desktop/senior_design/src/fpga_practice/project_4/project_4.srcs/sources_1/new/u_tx.sv:59]
---------------------------------------------------------------------------------
Finished RTL Elaboration : Time (s): cpu = 00:00:05 ; elapsed = 00:00:05 . Memory (MB): peak = 2021.891 ; gain = 439.707 ; free physical = 751 ; free virtual = 8230
Synthesis current peak Physical Memory [PSS] (MB): peak = 1476.418; parent = 1233.362; children = 243.056
Synthesis current peak Virtual Memory [VSS] (MB): peak = 3004.297; parent = 2021.895; children = 982.402
---------------------------------------------------------------------------------
---------------------------------------------------------------------------------
Start Handling Custom Attributes
---------------------------------------------------------------------------------
---------------------------------------------------------------------------------
Finished Handling Custom Attributes : Time (s): cpu = 00:00:05 ; elapsed = 00:00:05 . Memory (MB): peak = 2039.703 ; gain = 457.520 ; free physical = 753 ; free virtual = 8232
Synthesis current peak Physical Memory [PSS] (MB): peak = 1476.418; parent = 1233.362; children = 243.056
Synthesis current peak Virtual Memory [VSS] (MB): peak = 3022.109; parent = 2039.707; children = 982.402
---------------------------------------------------------------------------------
---------------------------------------------------------------------------------
Finished RTL Optimization Phase 1 : Time (s): cpu = 00:00:05 ; elapsed = 00:00:05 . Memory (MB): peak = 2039.703 ; gain = 457.520 ; free physical = 753 ; free virtual = 8232
Synthesis current peak Physical Memory [PSS] (MB): peak = 1476.418; parent = 1233.362; children = 243.056
Synthesis current peak Virtual Memory [VSS] (MB): peak = 3022.109; parent = 2039.707; children = 982.402
---------------------------------------------------------------------------------
Netlist sorting complete. Time (s): cpu = 00:00:00 ; elapsed = 00:00:00 . Memory (MB): peak = 2039.703 ; gain = 0.000 ; free physical = 749 ; free virtual = 8228
INFO: [Project 1-570] Preparing netlist for logic optimization

Processing XDC Constraints
Initializing timing engine
Parsing XDC File [/home/nhatvan1561/Desktop/senior_design/src/fpga_practice/project_4/project_4.srcs/constrs_1/imports/fpga_practice/Nexys4DDR_master.xdc]
Finished Parsing XDC File [/home/nhatvan1561/Desktop/senior_design/src/fpga_practice/project_4/project_4.srcs/constrs_1/imports/fpga_practice/Nexys4DDR_master.xdc]
INFO: [Project 1-236] Implementation specific constraints were found while reading constraint file [/home/nhatvan1561/Desktop/senior_design/src/fpga_practice/project_4/project_4.srcs/constrs_1/imports/fpga_practice/Nexys4DDR_master.xdc]. These constraints will be ignored for synthesis but will be used in implementation. Impacted constraints are listed in the file [.Xil/simple_uart_tx_propImpl.xdc].
Resolution: To avoid this warning, move constraints listed in [.Xil/simple_uart_tx_propImpl.xdc] to another XDC file and exclude this new file from synthesis with the used_in_synthesis property (File Properties dialog in GUI) and re-run elaboration/synthesis.
Completed Processing XDC Constraints

Netlist sorting complete. Time (s): cpu = 00:00:00 ; elapsed = 00:00:00 . Memory (MB): peak = 2187.453 ; gain = 0.000 ; free physical = 663 ; free virtual = 8142
INFO: [Project 1-111] Unisim Transformation Summary:
No Unisim elements were transformed.

Constraint Validation Runtime : Time (s): cpu = 00:00:00 ; elapsed = 00:00:00 . Memory (MB): peak = 2187.453 ; gain = 0.000 ; free physical = 663 ; free virtual = 8142
INFO: [Designutils 20-5440] No compile time benefit to using incremental synthesis; A full resynthesis will be run
INFO: [Designutils 20-4379] Flow is switching to default flow due to incremental criteria not met. If you would like to alter this behaviour and have the flow terminate instead, please set the following parameter config_implementation {autoIncr.Synth.RejectBehavior Terminate}
INFO: [Synth 8-11241] undeclared symbol 'REGCCE', assumed default net type 'wire' [/tools/Xilinx/Vivado/2022.2/data/verilog/src/unimacro/BRAM_SINGLE_MACRO.v:2170]
---------------------------------------------------------------------------------
Finished Constraint Validation : Time (s): cpu = 00:00:10 ; elapsed = 00:00:11 . Memory (MB): peak = 2187.453 ; gain = 605.270 ; free physical = 724 ; free virtual = 8204
Synthesis current peak Physical Memory [PSS] (MB): peak = 1490.012; parent = 1247.501; children = 243.056
Synthesis current peak Virtual Memory [VSS] (MB): peak = 3137.844; parent = 2155.441; children = 982.402
---------------------------------------------------------------------------------
---------------------------------------------------------------------------------
Start Loading Part and Timing Information
---------------------------------------------------------------------------------
Loading part: xc7a100tcsg324-3
---------------------------------------------------------------------------------
Finished Loading Part and Timing Information : Time (s): cpu = 00:00:10 ; elapsed = 00:00:11 . Memory (MB): peak = 2187.453 ; gain = 605.270 ; free physical = 724 ; free virtual = 8204
Synthesis current peak Physical Memory [PSS] (MB): peak = 1490.012; parent = 1247.501; children = 243.056
Synthesis current peak Virtual Memory [VSS] (MB): peak = 3137.844; parent = 2155.441; children = 982.402
---------------------------------------------------------------------------------
---------------------------------------------------------------------------------
Start Applying 'set_property' XDC Constraints
---------------------------------------------------------------------------------
---------------------------------------------------------------------------------
Finished applying 'set_property' XDC Constraints : Time (s): cpu = 00:00:10 ; elapsed = 00:00:11 . Memory (MB): peak = 2187.453 ; gain = 605.270 ; free physical = 724 ; free virtual = 8204
Synthesis current peak Physical Memory [PSS] (MB): peak = 1490.012; parent = 1247.501; children = 243.056
Synthesis current peak Virtual Memory [VSS] (MB): peak = 3137.844; parent = 2155.441; children = 982.402
---------------------------------------------------------------------------------
INFO: [Synth 8-802] inferred FSM for state register 'r_SM_Main_reg' in module 'u_tx'
---------------------------------------------------------------------------------------------------
                   State |                     New Encoding |                Previous Encoding 
---------------------------------------------------------------------------------------------------
                    IDLE |                               00 |                              000
            TX_START_BIT |                               01 |                              001
            TX_DATA_BITS |                               10 |                              010
             TX_STOP_BIT |                               11 |                              011
---------------------------------------------------------------------------------------------------
INFO: [Synth 8-3354] encoded FSM with state register 'r_SM_Main_reg' using encoding 'sequential' in module 'u_tx'
---------------------------------------------------------------------------------
Finished RTL Optimization Phase 2 : Time (s): cpu = 00:00:11 ; elapsed = 00:00:11 . Memory (MB): peak = 2187.453 ; gain = 605.270 ; free physical = 717 ; free virtual = 8197
Synthesis current peak Physical Memory [PSS] (MB): peak = 1490.012; parent = 1247.501; children = 243.056
Synthesis current peak Virtual Memory [VSS] (MB): peak = 3137.844; parent = 2155.441; children = 982.402
---------------------------------------------------------------------------------
---------------------------------------------------------------------------------
Start RTL Component Statistics 
---------------------------------------------------------------------------------
Detailed RTL Component Info : 
+---Adders : 
	   2 Input    8 Bit       Adders := 1     
	   2 Input    3 Bit       Adders := 1     
+---Registers : 
	                9 Bit    Registers := 1     
	                8 Bit    Registers := 1     
	                3 Bit    Registers := 1     
	                1 Bit    Registers := 3     
+---Muxes : 
	   4 Input    9 Bit        Muxes := 1     
	   2 Input    3 Bit        Muxes := 1     
	   4 Input    3 Bit        Muxes := 1     
	   4 Input    2 Bit        Muxes := 1     
	   2 Input    2 Bit        Muxes := 5     
	   4 Input    1 Bit        Muxes := 6     
---------------------------------------------------------------------------------
Finished RTL Component Statistics 
---------------------------------------------------------------------------------
---------------------------------------------------------------------------------
Start Part Resource Summary
---------------------------------------------------------------------------------
Part Resources:
DSPs: 240 (col length:80)
BRAMs: 270 (col length: RAMB18 80 RAMB36 40)
---------------------------------------------------------------------------------
Finished Part Resource Summary
---------------------------------------------------------------------------------
---------------------------------------------------------------------------------
Start Cross Boundary and Area Optimization
---------------------------------------------------------------------------------
WARNING: [Synth 8-7080] Parallel synthesis criteria is not met
---------------------------------------------------------------------------------
Finished Cross Boundary and Area Optimization : Time (s): cpu = 00:00:11 ; elapsed = 00:00:12 . Memory (MB): peak = 2187.453 ; gain = 605.270 ; free physical = 703 ; free virtual = 8189
Synthesis current peak Physical Memory [PSS] (MB): peak = 1490.012; parent = 1247.501; children = 243.056
Synthesis current peak Virtual Memory [VSS] (MB): peak = 3137.844; parent = 2155.441; children = 982.402
---------------------------------------------------------------------------------
---------------------------------------------------------------------------------
Start Applying XDC Timing Constraints
---------------------------------------------------------------------------------
---------------------------------------------------------------------------------
Finished Applying XDC Timing Constraints : Time (s): cpu = 00:00:15 ; elapsed = 00:00:16 . Memory (MB): peak = 2187.453 ; gain = 605.270 ; free physical = 587 ; free virtual = 8073
Synthesis current peak Physical Memory [PSS] (MB): peak = 1571.542; parent = 1329.229; children = 243.056
Synthesis current peak Virtual Memory [VSS] (MB): peak = 3137.844; parent = 2155.441; children = 982.402
---------------------------------------------------------------------------------
---------------------------------------------------------------------------------
Start Timing Optimization
---------------------------------------------------------------------------------
---------------------------------------------------------------------------------
Finished Timing Optimization : Time (s): cpu = 00:00:15 ; elapsed = 00:00:16 . Memory (MB): peak = 2187.453 ; gain = 605.270 ; free physical = 586 ; free virtual = 8072
Synthesis current peak Physical Memory [PSS] (MB): peak = 1572.358; parent = 1330.055; children = 243.056
Synthesis current peak Virtual Memory [VSS] (MB): peak = 3137.844; parent = 2155.441; children = 982.402
---------------------------------------------------------------------------------
---------------------------------------------------------------------------------
Start Technology Mapping
---------------------------------------------------------------------------------
---------------------------------------------------------------------------------
Finished Technology Mapping : Time (s): cpu = 00:00:16 ; elapsed = 00:00:16 . Memory (MB): peak = 2187.453 ; gain = 605.270 ; free physical = 585 ; free virtual = 8071
Synthesis current peak Physical Memory [PSS] (MB): peak = 1572.687; parent = 1330.383; children = 243.056
Synthesis current peak Virtual Memory [VSS] (MB): peak = 3137.844; parent = 2155.441; children = 982.402
---------------------------------------------------------------------------------
---------------------------------------------------------------------------------
Start IO Insertion
---------------------------------------------------------------------------------
---------------------------------------------------------------------------------
Start Flattening Before IO Insertion
---------------------------------------------------------------------------------
---------------------------------------------------------------------------------
Finished Flattening Before IO Insertion
---------------------------------------------------------------------------------
---------------------------------------------------------------------------------
Start Final Netlist Cleanup
---------------------------------------------------------------------------------
---------------------------------------------------------------------------------
Finished Final Netlist Cleanup
---------------------------------------------------------------------------------
---------------------------------------------------------------------------------
Finished IO Insertion : Time (s): cpu = 00:00:19 ; elapsed = 00:00:20 . Memory (MB): peak = 2187.453 ; gain = 605.270 ; free physical = 585 ; free virtual = 8071
Synthesis current peak Physical Memory [PSS] (MB): peak = 1572.835; parent = 1330.531; children = 243.056
Synthesis current peak Virtual Memory [VSS] (MB): peak = 3137.844; parent = 2155.441; children = 982.402
---------------------------------------------------------------------------------
---------------------------------------------------------------------------------
Start Renaming Generated Instances
---------------------------------------------------------------------------------
---------------------------------------------------------------------------------
Finished Renaming Generated Instances : Time (s): cpu = 00:00:19 ; elapsed = 00:00:20 . Memory (MB): peak = 2187.453 ; gain = 605.270 ; free physical = 585 ; free virtual = 8071
Synthesis current peak Physical Memory [PSS] (MB): peak = 1572.851; parent = 1330.547; children = 243.056
Synthesis current peak Virtual Memory [VSS] (MB): peak = 3137.844; parent = 2155.441; children = 982.402
---------------------------------------------------------------------------------
---------------------------------------------------------------------------------
Start Rebuilding User Hierarchy
---------------------------------------------------------------------------------
---------------------------------------------------------------------------------
Finished Rebuilding User Hierarchy : Time (s): cpu = 00:00:19 ; elapsed = 00:00:20 . Memory (MB): peak = 2187.453 ; gain = 605.270 ; free physical = 585 ; free virtual = 8071
Synthesis current peak Physical Memory [PSS] (MB): peak = 1572.866; parent = 1330.562; children = 243.056
Synthesis current peak Virtual Memory [VSS] (MB): peak = 3137.844; parent = 2155.441; children = 982.402
---------------------------------------------------------------------------------
---------------------------------------------------------------------------------
Start Renaming Generated Ports
---------------------------------------------------------------------------------
---------------------------------------------------------------------------------
Finished Renaming Generated Ports : Time (s): cpu = 00:00:19 ; elapsed = 00:00:20 . Memory (MB): peak = 2187.453 ; gain = 605.270 ; free physical = 585 ; free virtual = 8071
Synthesis current peak Physical Memory [PSS] (MB): peak = 1572.882; parent = 1330.578; children = 243.056
Synthesis current peak Virtual Memory [VSS] (MB): peak = 3137.844; parent = 2155.441; children = 982.402
---------------------------------------------------------------------------------
---------------------------------------------------------------------------------
Start Handling Custom Attributes
---------------------------------------------------------------------------------
---------------------------------------------------------------------------------
Finished Handling Custom Attributes : Time (s): cpu = 00:00:19 ; elapsed = 00:00:20 . Memory (MB): peak = 2187.453 ; gain = 605.270 ; free physical = 585 ; free virtual = 8071
Synthesis current peak Physical Memory [PSS] (MB): peak = 1572.882; parent = 1330.578; children = 243.056
Synthesis current peak Virtual Memory [VSS] (MB): peak = 3137.844; parent = 2155.441; children = 982.402
---------------------------------------------------------------------------------
---------------------------------------------------------------------------------
Start Renaming Generated Nets
---------------------------------------------------------------------------------
---------------------------------------------------------------------------------
Finished Renaming Generated Nets : Time (s): cpu = 00:00:19 ; elapsed = 00:00:20 . Memory (MB): peak = 2187.453 ; gain = 605.270 ; free physical = 585 ; free virtual = 8071
Synthesis current peak Physical Memory [PSS] (MB): peak = 1572.897; parent = 1330.594; children = 243.056
Synthesis current peak Virtual Memory [VSS] (MB): peak = 3137.844; parent = 2155.441; children = 982.402
---------------------------------------------------------------------------------
---------------------------------------------------------------------------------
Start Writing Synthesis Report
---------------------------------------------------------------------------------

Report BlackBoxes: 
+-+--------------+----------+
| |BlackBox name |Instances |
+-+--------------+----------+
+-+--------------+----------+

Report Cell Usage: 
+------+-----+------+
|      |Cell |Count |
+------+-----+------+
|1     |BUFG |     1|
|2     |LUT1 |     1|
|3     |LUT2 |     3|
|4     |LUT3 |     3|
|5     |LUT4 |     3|
|6     |LUT5 |     6|
|7     |LUT6 |     6|
|8     |FDCE |     2|
|9     |FDRE |    14|
|10    |IBUF |     3|
|11    |OBUF |     3|
+------+-----+------+
---------------------------------------------------------------------------------
Finished Writing Synthesis Report : Time (s): cpu = 00:00:19 ; elapsed = 00:00:20 . Memory (MB): peak = 2187.453 ; gain = 605.270 ; free physical = 585 ; free virtual = 8071
Synthesis current peak Physical Memory [PSS] (MB): peak = 1572.929; parent = 1330.625; children = 243.056
Synthesis current peak Virtual Memory [VSS] (MB): peak = 3137.844; parent = 2155.441; children = 982.402
---------------------------------------------------------------------------------
Synthesis finished with 0 errors, 0 critical warnings and 1 warnings.
Synthesis Optimization Runtime : Time (s): cpu = 00:00:17 ; elapsed = 00:00:18 . Memory (MB): peak = 2187.453 ; gain = 457.520 ; free physical = 635 ; free virtual = 8121
Synthesis Optimization Complete : Time (s): cpu = 00:00:19 ; elapsed = 00:00:20 . Memory (MB): peak = 2187.453 ; gain = 605.270 ; free physical = 635 ; free virtual = 8121
INFO: [Project 1-571] Translating synthesized netlist
Netlist sorting complete. Time (s): cpu = 00:00:00 ; elapsed = 00:00:00 . Memory (MB): peak = 2187.453 ; gain = 0.000 ; free physical = 629 ; free virtual = 8115
INFO: [Project 1-570] Preparing netlist for logic optimization
INFO: [Opt 31-138] Pushed 0 inverter(s) to 0 load pin(s).
Netlist sorting complete. Time (s): cpu = 00:00:00 ; elapsed = 00:00:00 . Memory (MB): peak = 2187.453 ; gain = 0.000 ; free physical = 685 ; free virtual = 8171
INFO: [Project 1-111] Unisim Transformation Summary:
No Unisim elements were transformed.

Synth Design complete, checksum: 875c950a
INFO: [Common 17-83] Releasing license: Synthesis
27 Infos, 10 Warnings, 0 Critical Warnings and 0 Errors encountered.
synth_design completed successfully
synth_design: Time (s): cpu = 00:00:25 ; elapsed = 00:00:24 . Memory (MB): peak = 2187.453 ; gain = 859.652 ; free physical = 890 ; free virtual = 8376
INFO: [Common 17-1381] The checkpoint '/home/nhatvan1561/Desktop/senior_design/src/fpga_practice/project_4/project_4.runs/synth_1/simple_uart_tx.dcp' has been generated.
INFO: [runtcl-4] Executing : report_utilization -file simple_uart_tx_utilization_synth.rpt -pb simple_uart_tx_utilization_synth.pb
INFO: [Common 17-206] Exiting Vivado at Sun Mar 26 23:35:38 2023...
