
*** Running vivado
    with args -log simple_tx2.vds -m64 -product Vivado -mode batch -messageDb vivado.pb -notrace -source simple_tx2.tcl


****** Vivado v2022.2 (64-bit)
  **** SW Build 3671981 on Fri Oct 14 04:59:54 MDT 2022
  **** IP Build 3669848 on Fri Oct 14 08:30:02 MDT 2022
    ** Copyright 1986-2022 Xilinx, Inc. All Rights Reserved.

source simple_tx2.tcl -notrace
Command: read_checkpoint -auto_incremental -incremental /home/nate/Desktop/senior_design/src/fpga_practice/project_1/project_1.srcs/utils_1/imports/synth_1/reset.dcp
INFO: [Vivado 12-5825] Read reference checkpoint from /home/nate/Desktop/senior_design/src/fpga_practice/project_1/project_1.srcs/utils_1/imports/synth_1/reset.dcp for incremental synthesis
INFO: [Vivado 12-7989] Please ensure there are no constraint changes
Command: synth_design -top simple_tx2 -part xc7a100tcsg324-3
Starting synth_design
Attempting to get a license for feature 'Synthesis' and/or device 'xc7a100t'
INFO: [Common 17-349] Got license for feature 'Synthesis' and/or device 'xc7a100t'
INFO: [Vivado_Tcl 4-1810] synth_design options have changed between reference and incremental; A full resynthesis will be run
INFO: [Device 21-403] Loading part xc7a100tcsg324-3
INFO: [Synth 8-7079] Multithreading enabled for synth_design using a maximum of 4 processes.
INFO: [Synth 8-7078] Launching helper process for spawning children vivado processes
INFO: [Synth 8-7075] Helper process launched with PID 2583152
INFO: [Synth 8-11241] undeclared symbol 'REGCCE', assumed default net type 'wire' [/tools/Vivado/2022.2/data/verilog/src/unimacro/BRAM_SINGLE_MACRO.v:2170]
WARNING: [Synth 8-11014] non-net output port 'tx_busy' cannot be initialized at declaration in SystemVerilog mode [/home/nate/Desktop/senior_design/src/fpga_practice/project_1/project_1.srcs/sources_1/new/uart_tx.sv:12]
WARNING: [Synth 8-11014] non-net output port 'txd' cannot be initialized at declaration in SystemVerilog mode [/home/nate/Desktop/senior_design/src/fpga_practice/project_1/project_1.srcs/sources_1/new/uart_tx.sv:13]
---------------------------------------------------------------------------------
Starting RTL Elaboration : Time (s): cpu = 00:00:03 ; elapsed = 00:00:03 . Memory (MB): peak = 1967.430 ; gain = 372.770 ; free physical = 718 ; free virtual = 8682
Synthesis current peak Physical Memory [PSS] (MB): peak = 1385.876; parent = 1174.665; children = 211.211
Synthesis current peak Virtual Memory [VSS] (MB): peak = 2995.871; parent = 1967.434; children = 1028.438
---------------------------------------------------------------------------------
INFO: [Synth 8-6157] synthesizing module 'simple_tx2' [/home/nate/Desktop/senior_design/src/fpga_practice/project_1/project_1.srcs/sources_1/new/simple_tx2.sv:1]
INFO: [Synth 8-6157] synthesizing module 'uart_tx' [/home/nate/Desktop/senior_design/src/fpga_practice/project_1/project_1.srcs/sources_1/new/uart_tx.sv:1]
INFO: [Synth 8-6155] done synthesizing module 'uart_tx' (0#1) [/home/nate/Desktop/senior_design/src/fpga_practice/project_1/project_1.srcs/sources_1/new/uart_tx.sv:1]
INFO: [Synth 8-6155] done synthesizing module 'simple_tx2' (0#1) [/home/nate/Desktop/senior_design/src/fpga_practice/project_1/project_1.srcs/sources_1/new/simple_tx2.sv:1]
---------------------------------------------------------------------------------
Finished RTL Elaboration : Time (s): cpu = 00:00:04 ; elapsed = 00:00:04 . Memory (MB): peak = 2033.398 ; gain = 438.738 ; free physical = 807 ; free virtual = 8771
Synthesis current peak Physical Memory [PSS] (MB): peak = 1385.876; parent = 1174.665; children = 211.211
Synthesis current peak Virtual Memory [VSS] (MB): peak = 3061.840; parent = 2033.402; children = 1028.438
---------------------------------------------------------------------------------
---------------------------------------------------------------------------------
Start Handling Custom Attributes
---------------------------------------------------------------------------------
---------------------------------------------------------------------------------
Finished Handling Custom Attributes : Time (s): cpu = 00:00:04 ; elapsed = 00:00:05 . Memory (MB): peak = 2051.211 ; gain = 456.551 ; free physical = 807 ; free virtual = 8771
Synthesis current peak Physical Memory [PSS] (MB): peak = 1385.876; parent = 1174.665; children = 211.211
Synthesis current peak Virtual Memory [VSS] (MB): peak = 3079.652; parent = 2051.215; children = 1028.438
---------------------------------------------------------------------------------
---------------------------------------------------------------------------------
Finished RTL Optimization Phase 1 : Time (s): cpu = 00:00:04 ; elapsed = 00:00:05 . Memory (MB): peak = 2051.211 ; gain = 456.551 ; free physical = 807 ; free virtual = 8771
Synthesis current peak Physical Memory [PSS] (MB): peak = 1385.876; parent = 1174.665; children = 211.211
Synthesis current peak Virtual Memory [VSS] (MB): peak = 3079.652; parent = 2051.215; children = 1028.438
---------------------------------------------------------------------------------
Netlist sorting complete. Time (s): cpu = 00:00:00 ; elapsed = 00:00:00 . Memory (MB): peak = 2051.211 ; gain = 0.000 ; free physical = 799 ; free virtual = 8763
INFO: [Project 1-570] Preparing netlist for logic optimization

Processing XDC Constraints
Initializing timing engine
Parsing XDC File [/home/nate/Desktop/senior_design/src/fpga_practice/project_1/project_1.srcs/constrs_1/imports/fpga_practice/Nexys4DDR_master.xdc]
Finished Parsing XDC File [/home/nate/Desktop/senior_design/src/fpga_practice/project_1/project_1.srcs/constrs_1/imports/fpga_practice/Nexys4DDR_master.xdc]
INFO: [Project 1-236] Implementation specific constraints were found while reading constraint file [/home/nate/Desktop/senior_design/src/fpga_practice/project_1/project_1.srcs/constrs_1/imports/fpga_practice/Nexys4DDR_master.xdc]. These constraints will be ignored for synthesis but will be used in implementation. Impacted constraints are listed in the file [.Xil/simple_tx2_propImpl.xdc].
Resolution: To avoid this warning, move constraints listed in [.Xil/simple_tx2_propImpl.xdc] to another XDC file and exclude this new file from synthesis with the used_in_synthesis property (File Properties dialog in GUI) and re-run elaboration/synthesis.
Completed Processing XDC Constraints

Netlist sorting complete. Time (s): cpu = 00:00:00 ; elapsed = 00:00:00 . Memory (MB): peak = 2211.961 ; gain = 0.000 ; free physical = 714 ; free virtual = 8678
INFO: [Project 1-111] Unisim Transformation Summary:
No Unisim elements were transformed.

Constraint Validation Runtime : Time (s): cpu = 00:00:00 ; elapsed = 00:00:00 . Memory (MB): peak = 2211.961 ; gain = 0.000 ; free physical = 714 ; free virtual = 8678
INFO: [Synth 8-11241] undeclared symbol 'REGCCE', assumed default net type 'wire' [/tools/Vivado/2022.2/data/verilog/src/unimacro/BRAM_SINGLE_MACRO.v:2170]
---------------------------------------------------------------------------------
Finished Constraint Validation : Time (s): cpu = 00:00:09 ; elapsed = 00:00:09 . Memory (MB): peak = 2211.961 ; gain = 617.301 ; free physical = 774 ; free virtual = 8738
Synthesis current peak Physical Memory [PSS] (MB): peak = 1385.876; parent = 1174.665; children = 211.211
Synthesis current peak Virtual Memory [VSS] (MB): peak = 3208.387; parent = 2179.949; children = 1028.438
---------------------------------------------------------------------------------
---------------------------------------------------------------------------------
Start Loading Part and Timing Information
---------------------------------------------------------------------------------
Loading part: xc7a100tcsg324-3
---------------------------------------------------------------------------------
Finished Loading Part and Timing Information : Time (s): cpu = 00:00:09 ; elapsed = 00:00:10 . Memory (MB): peak = 2211.961 ; gain = 617.301 ; free physical = 774 ; free virtual = 8738
Synthesis current peak Physical Memory [PSS] (MB): peak = 1385.876; parent = 1174.665; children = 211.211
Synthesis current peak Virtual Memory [VSS] (MB): peak = 3208.387; parent = 2179.949; children = 1028.438
---------------------------------------------------------------------------------
---------------------------------------------------------------------------------
Start Applying 'set_property' XDC Constraints
---------------------------------------------------------------------------------
---------------------------------------------------------------------------------
Finished applying 'set_property' XDC Constraints : Time (s): cpu = 00:00:09 ; elapsed = 00:00:10 . Memory (MB): peak = 2211.961 ; gain = 617.301 ; free physical = 777 ; free virtual = 8741
Synthesis current peak Physical Memory [PSS] (MB): peak = 1385.876; parent = 1174.665; children = 211.211
Synthesis current peak Virtual Memory [VSS] (MB): peak = 3208.387; parent = 2179.949; children = 1028.438
---------------------------------------------------------------------------------
---------------------------------------------------------------------------------
Start Preparing Guide Design
---------------------------------------------------------------------------------
---------------------------------------------------------------------------------
Finished Doing Graph Differ : Time (s): cpu = 00:00:09 ; elapsed = 00:00:10 . Memory (MB): peak = 2211.961 ; gain = 617.301 ; free physical = 776 ; free virtual = 8742
Synthesis current peak Physical Memory [PSS] (MB): peak = 1385.876; parent = 1174.665; children = 211.211
Synthesis current peak Virtual Memory [VSS] (MB): peak = 3208.387; parent = 2179.949; children = 1028.438
---------------------------------------------------------------------------------
---------------------------------------------------------------------------------
Finished Preparing Guide Design : Time (s): cpu = 00:00:09 ; elapsed = 00:00:10 . Memory (MB): peak = 2211.961 ; gain = 617.301 ; free physical = 776 ; free virtual = 8741
Synthesis current peak Physical Memory [PSS] (MB): peak = 1385.876; parent = 1174.665; children = 211.211
Synthesis current peak Virtual Memory [VSS] (MB): peak = 3208.387; parent = 2179.949; children = 1028.438
---------------------------------------------------------------------------------
---------------------------------------------------------------------------------
Finished RTL Optimization Phase 2 : Time (s): cpu = 00:00:09 ; elapsed = 00:00:10 . Memory (MB): peak = 2211.961 ; gain = 617.301 ; free physical = 767 ; free virtual = 8732
Synthesis current peak Physical Memory [PSS] (MB): peak = 1385.876; parent = 1174.665; children = 211.211
Synthesis current peak Virtual Memory [VSS] (MB): peak = 3208.387; parent = 2179.949; children = 1028.438
---------------------------------------------------------------------------------


Incremental Synthesis Report Summary:

1. Incremental synthesis run: no

   Reason for not running incremental synthesis : synth_design options have changed between reference and incremental


INFO: [Synth 8-7130] Flow is switching to default flow due to incremental criteria not met. If you would like to alter this behaviour and have the flow terminate instead, please set the following parameter config_implementation {autoIncr.Synth.RejectBehavior Terminate}
---------------------------------------------------------------------------------
Start RTL Component Statistics 
---------------------------------------------------------------------------------
Detailed RTL Component Info : 
+---Adders : 
	   2 Input    8 Bit       Adders := 1     
+---Registers : 
	               10 Bit    Registers := 1     
	                8 Bit    Registers := 1     
	                1 Bit    Registers := 4     
+---Muxes : 
	   2 Input   10 Bit        Muxes := 2     
	   2 Input    1 Bit        Muxes := 4     
---------------------------------------------------------------------------------
Finished RTL Component Statistics 
---------------------------------------------------------------------------------
---------------------------------------------------------------------------------
Start Part Resource Summary
---------------------------------------------------------------------------------
Part Resources:
DSPs: 240 (col length:80)
BRAMs: 270 (col length: RAMB18 80 RAMB36 40)
---------------------------------------------------------------------------------
Finished Part Resource Summary
---------------------------------------------------------------------------------
---------------------------------------------------------------------------------
Start Cross Boundary and Area Optimization
---------------------------------------------------------------------------------
WARNING: [Synth 8-7080] Parallel synthesis criteria is not met
---------------------------------------------------------------------------------
Finished Cross Boundary and Area Optimization : Time (s): cpu = 00:00:10 ; elapsed = 00:00:11 . Memory (MB): peak = 2211.961 ; gain = 617.301 ; free physical = 753 ; free virtual = 8722
Synthesis current peak Physical Memory [PSS] (MB): peak = 1385.876; parent = 1174.665; children = 211.211
Synthesis current peak Virtual Memory [VSS] (MB): peak = 3208.387; parent = 2179.949; children = 1028.438
---------------------------------------------------------------------------------
---------------------------------------------------------------------------------
Start Applying XDC Timing Constraints
---------------------------------------------------------------------------------
---------------------------------------------------------------------------------
Finished Applying XDC Timing Constraints : Time (s): cpu = 00:00:14 ; elapsed = 00:00:15 . Memory (MB): peak = 2211.961 ; gain = 617.301 ; free physical = 636 ; free virtual = 8604
Synthesis current peak Physical Memory [PSS] (MB): peak = 1481.715; parent = 1271.119; children = 211.211
Synthesis current peak Virtual Memory [VSS] (MB): peak = 3208.387; parent = 2179.949; children = 1028.438
---------------------------------------------------------------------------------
---------------------------------------------------------------------------------
Start Timing Optimization
---------------------------------------------------------------------------------
---------------------------------------------------------------------------------
Finished Timing Optimization : Time (s): cpu = 00:00:14 ; elapsed = 00:00:15 . Memory (MB): peak = 2211.961 ; gain = 617.301 ; free physical = 636 ; free virtual = 8605
Synthesis current peak Physical Memory [PSS] (MB): peak = 1481.715; parent = 1271.119; children = 211.211
Synthesis current peak Virtual Memory [VSS] (MB): peak = 3208.387; parent = 2179.949; children = 1028.438
---------------------------------------------------------------------------------
---------------------------------------------------------------------------------
Start Technology Mapping
---------------------------------------------------------------------------------
---------------------------------------------------------------------------------
Finished Technology Mapping : Time (s): cpu = 00:00:14 ; elapsed = 00:00:15 . Memory (MB): peak = 2211.961 ; gain = 617.301 ; free physical = 637 ; free virtual = 8605
Synthesis current peak Physical Memory [PSS] (MB): peak = 1481.715; parent = 1271.119; children = 211.211
Synthesis current peak Virtual Memory [VSS] (MB): peak = 3208.387; parent = 2179.949; children = 1028.438
---------------------------------------------------------------------------------
---------------------------------------------------------------------------------
Start IO Insertion
---------------------------------------------------------------------------------
---------------------------------------------------------------------------------
Start Flattening Before IO Insertion
---------------------------------------------------------------------------------
---------------------------------------------------------------------------------
Finished Flattening Before IO Insertion
---------------------------------------------------------------------------------
---------------------------------------------------------------------------------
Start Final Netlist Cleanup
---------------------------------------------------------------------------------
---------------------------------------------------------------------------------
Finished Final Netlist Cleanup
---------------------------------------------------------------------------------
---------------------------------------------------------------------------------
Finished IO Insertion : Time (s): cpu = 00:00:16 ; elapsed = 00:00:17 . Memory (MB): peak = 2211.961 ; gain = 617.301 ; free physical = 637 ; free virtual = 8605
Synthesis current peak Physical Memory [PSS] (MB): peak = 1481.715; parent = 1271.119; children = 211.211
Synthesis current peak Virtual Memory [VSS] (MB): peak = 3208.387; parent = 2179.949; children = 1028.438
---------------------------------------------------------------------------------
---------------------------------------------------------------------------------
Start Renaming Generated Instances
---------------------------------------------------------------------------------
---------------------------------------------------------------------------------
Finished Renaming Generated Instances : Time (s): cpu = 00:00:16 ; elapsed = 00:00:17 . Memory (MB): peak = 2211.961 ; gain = 617.301 ; free physical = 637 ; free virtual = 8605
Synthesis current peak Physical Memory [PSS] (MB): peak = 1481.715; parent = 1271.119; children = 211.211
Synthesis current peak Virtual Memory [VSS] (MB): peak = 3208.387; parent = 2179.949; children = 1028.438
---------------------------------------------------------------------------------
---------------------------------------------------------------------------------
Start Rebuilding User Hierarchy
---------------------------------------------------------------------------------
---------------------------------------------------------------------------------
Finished Rebuilding User Hierarchy : Time (s): cpu = 00:00:16 ; elapsed = 00:00:17 . Memory (MB): peak = 2211.961 ; gain = 617.301 ; free physical = 637 ; free virtual = 8605
Synthesis current peak Physical Memory [PSS] (MB): peak = 1481.715; parent = 1271.119; children = 211.211
Synthesis current peak Virtual Memory [VSS] (MB): peak = 3208.387; parent = 2179.949; children = 1028.438
---------------------------------------------------------------------------------
---------------------------------------------------------------------------------
Start Renaming Generated Ports
---------------------------------------------------------------------------------
---------------------------------------------------------------------------------
Finished Renaming Generated Ports : Time (s): cpu = 00:00:16 ; elapsed = 00:00:17 . Memory (MB): peak = 2211.961 ; gain = 617.301 ; free physical = 637 ; free virtual = 8605
Synthesis current peak Physical Memory [PSS] (MB): peak = 1481.715; parent = 1271.119; children = 211.211
Synthesis current peak Virtual Memory [VSS] (MB): peak = 3208.387; parent = 2179.949; children = 1028.438
---------------------------------------------------------------------------------
---------------------------------------------------------------------------------
Start Handling Custom Attributes
---------------------------------------------------------------------------------
---------------------------------------------------------------------------------
Finished Handling Custom Attributes : Time (s): cpu = 00:00:16 ; elapsed = 00:00:18 . Memory (MB): peak = 2211.961 ; gain = 617.301 ; free physical = 637 ; free virtual = 8605
Synthesis current peak Physical Memory [PSS] (MB): peak = 1481.715; parent = 1271.119; children = 211.211
Synthesis current peak Virtual Memory [VSS] (MB): peak = 3208.387; parent = 2179.949; children = 1028.438
---------------------------------------------------------------------------------
---------------------------------------------------------------------------------
Start Renaming Generated Nets
---------------------------------------------------------------------------------
---------------------------------------------------------------------------------
Finished Renaming Generated Nets : Time (s): cpu = 00:00:16 ; elapsed = 00:00:18 . Memory (MB): peak = 2211.961 ; gain = 617.301 ; free physical = 637 ; free virtual = 8605
Synthesis current peak Physical Memory [PSS] (MB): peak = 1481.715; parent = 1271.119; children = 211.211
Synthesis current peak Virtual Memory [VSS] (MB): peak = 3208.387; parent = 2179.949; children = 1028.438
---------------------------------------------------------------------------------
---------------------------------------------------------------------------------
Start Writing Synthesis Report
---------------------------------------------------------------------------------

Report BlackBoxes: 
+-+--------------+----------+
| |BlackBox name |Instances |
+-+--------------+----------+
+-+--------------+----------+

Report Cell Usage: 
+------+-------+------+
|      |Cell   |Count |
+------+-------+------+
|1     |BUFG   |     1|
|2     |CARRY4 |     4|
|3     |LUT1   |    18|
|4     |LUT2   |     6|
|5     |LUT3   |    11|
|6     |LUT4   |     7|
|7     |LUT5   |     2|
|8     |LUT6   |     3|
|9     |FDRE   |    23|
|10    |FDSE   |    15|
|11    |IBUF   |    10|
|12    |OBUF   |    10|
+------+-------+------+
---------------------------------------------------------------------------------
Finished Writing Synthesis Report : Time (s): cpu = 00:00:16 ; elapsed = 00:00:18 . Memory (MB): peak = 2211.961 ; gain = 617.301 ; free physical = 637 ; free virtual = 8605
Synthesis current peak Physical Memory [PSS] (MB): peak = 1481.715; parent = 1271.119; children = 211.211
Synthesis current peak Virtual Memory [VSS] (MB): peak = 3208.387; parent = 2179.949; children = 1028.438
---------------------------------------------------------------------------------
Synthesis finished with 0 errors, 0 critical warnings and 1 warnings.
Synthesis Optimization Runtime : Time (s): cpu = 00:00:15 ; elapsed = 00:00:16 . Memory (MB): peak = 2211.961 ; gain = 456.551 ; free physical = 687 ; free virtual = 8656
Synthesis Optimization Complete : Time (s): cpu = 00:00:16 ; elapsed = 00:00:18 . Memory (MB): peak = 2211.961 ; gain = 617.301 ; free physical = 687 ; free virtual = 8656
INFO: [Project 1-571] Translating synthesized netlist
Netlist sorting complete. Time (s): cpu = 00:00:00 ; elapsed = 00:00:00 . Memory (MB): peak = 2211.961 ; gain = 0.000 ; free physical = 785 ; free virtual = 8754
INFO: [Netlist 29-17] Analyzing 4 Unisim elements for replacement
INFO: [Netlist 29-28] Unisim Transformation completed in 0 CPU seconds
INFO: [Project 1-570] Preparing netlist for logic optimization
INFO: [Opt 31-138] Pushed 0 inverter(s) to 0 load pin(s).
Netlist sorting complete. Time (s): cpu = 00:00:00 ; elapsed = 00:00:00 . Memory (MB): peak = 2211.961 ; gain = 0.000 ; free physical = 724 ; free virtual = 8693
INFO: [Project 1-111] Unisim Transformation Summary:
No Unisim elements were transformed.

Synth Design complete, checksum: f8c09603
INFO: [Common 17-83] Releasing license: Synthesis
25 Infos, 3 Warnings, 0 Critical Warnings and 0 Errors encountered.
synth_design completed successfully
synth_design: Time (s): cpu = 00:00:22 ; elapsed = 00:00:21 . Memory (MB): peak = 2211.961 ; gain = 935.465 ; free physical = 926 ; free virtual = 8895
INFO: [Common 17-1381] The checkpoint '/home/nate/Desktop/senior_design/src/fpga_practice/project_1/project_1.runs/synth_1/simple_tx2.dcp' has been generated.
INFO: [runtcl-4] Executing : report_utilization -file simple_tx2_utilization_synth.rpt -pb simple_tx2_utilization_synth.pb
INFO: [Common 17-206] Exiting Vivado at Sat Apr 15 22:47:24 2023...
