
*** Running vivado
    with args -log main_test.vdi -applog -m64 -product Vivado -messageDb vivado.pb -mode batch -source main_test.tcl -notrace


****** Vivado v2022.2 (64-bit)
  **** SW Build 3671981 on Fri Oct 14 04:59:54 MDT 2022
  **** IP Build 3669848 on Fri Oct 14 08:30:02 MDT 2022
    ** Copyright 1986-2022 Xilinx, Inc. All Rights Reserved.

source main_test.tcl -notrace
Command: link_design -top main_test -part xc7a100tcsg324-3
Design is defaulting to srcset: sources_1
Design is defaulting to constrset: constrs_1
INFO: [Device 21-403] Loading part xc7a100tcsg324-3
Netlist sorting complete. Time (s): cpu = 00:00:00 ; elapsed = 00:00:00 . Memory (MB): peak = 1595.359 ; gain = 0.000 ; free physical = 1768 ; free virtual = 4463
INFO: [Netlist 29-17] Analyzing 13 Unisim elements for replacement
INFO: [Netlist 29-28] Unisim Transformation completed in 0 CPU seconds
INFO: [Project 1-479] Netlist was created with Vivado 2022.2
INFO: [Project 1-570] Preparing netlist for logic optimization
Parsing XDC File [/home/nate/Desktop/senior_design/src/fpga_practice/custom_uart_tx/custom_uart_tx.srcs/constrs_1/imports/fpga_practice/Nexys4DDR_master.xdc]
Finished Parsing XDC File [/home/nate/Desktop/senior_design/src/fpga_practice/custom_uart_tx/custom_uart_tx.srcs/constrs_1/imports/fpga_practice/Nexys4DDR_master.xdc]
INFO: [Opt 31-138] Pushed 0 inverter(s) to 0 load pin(s).
Netlist sorting complete. Time (s): cpu = 00:00:00 ; elapsed = 00:00:00 . Memory (MB): peak = 1754.887 ; gain = 0.000 ; free physical = 1665 ; free virtual = 4359
INFO: [Project 1-111] Unisim Transformation Summary:
No Unisim elements were transformed.

7 Infos, 0 Warnings, 0 Critical Warnings and 0 Errors encountered.
link_design completed successfully
Command: opt_design
Attempting to get a license for feature 'Implementation' and/or device 'xc7a100t'
INFO: [Common 17-349] Got license for feature 'Implementation' and/or device 'xc7a100t'
Running DRC as a precondition to command opt_design

Starting DRC Task
INFO: [DRC 23-27] Running DRC with 8 threads
INFO: [Project 1-461] DRC finished with 0 Errors
INFO: [Project 1-462] Please refer to the DRC report (report_drc) for more information.

Time (s): cpu = 00:00:00.83 ; elapsed = 00:00:00.55 . Memory (MB): peak = 1843.668 ; gain = 82.844 ; free physical = 1655 ; free virtual = 4350

Starting Cache Timing Information Task
INFO: [Timing 38-35] Done setting XDC timing constraints.
Ending Cache Timing Information Task | Checksum: 265f913a5

Time (s): cpu = 00:00:06 ; elapsed = 00:00:06 . Memory (MB): peak = 2303.527 ; gain = 459.859 ; free physical = 1268 ; free virtual = 3979

Starting Logic Optimization Task

Phase 1 Retarget
INFO: [Opt 31-138] Pushed 0 inverter(s) to 0 load pin(s).
INFO: [Opt 31-49] Retargeted 0 cell(s).
Phase 1 Retarget | Checksum: 265f913a5

Time (s): cpu = 00:00:00.03 ; elapsed = 00:00:00.01 . Memory (MB): peak = 2581.418 ; gain = 0.000 ; free physical = 1242 ; free virtual = 3811
INFO: [Opt 31-389] Phase Retarget created 0 cells and removed 0 cells

Phase 2 Constant propagation
INFO: [Opt 31-138] Pushed 0 inverter(s) to 0 load pin(s).
Phase 2 Constant propagation | Checksum: 265f913a5

Time (s): cpu = 00:00:00.03 ; elapsed = 00:00:00.02 . Memory (MB): peak = 2581.418 ; gain = 0.000 ; free physical = 1242 ; free virtual = 3811
INFO: [Opt 31-389] Phase Constant propagation created 0 cells and removed 0 cells

Phase 3 Sweep
Phase 3 Sweep | Checksum: 2648d6965

Time (s): cpu = 00:00:00.04 ; elapsed = 00:00:00.02 . Memory (MB): peak = 2581.418 ; gain = 0.000 ; free physical = 1242 ; free virtual = 3811
INFO: [Opt 31-389] Phase Sweep created 0 cells and removed 0 cells

Phase 4 BUFG optimization
Phase 4 BUFG optimization | Checksum: 2648d6965

Time (s): cpu = 00:00:00.04 ; elapsed = 00:00:00.03 . Memory (MB): peak = 2613.434 ; gain = 32.016 ; free physical = 1242 ; free virtual = 3811
INFO: [Opt 31-662] Phase BUFG optimization created 0 cells of which 0 are BUFGs and removed 0 cells.

Phase 5 Shift Register Optimization
INFO: [Opt 31-1064] SRL Remap converted 0 SRLs to 0 registers and converted 0 registers of register chains to 0 SRLs
Phase 5 Shift Register Optimization | Checksum: 2648d6965

Time (s): cpu = 00:00:00.04 ; elapsed = 00:00:00.03 . Memory (MB): peak = 2613.434 ; gain = 32.016 ; free physical = 1242 ; free virtual = 3811
INFO: [Opt 31-389] Phase Shift Register Optimization created 0 cells and removed 0 cells

Phase 6 Post Processing Netlist
Phase 6 Post Processing Netlist | Checksum: 2648d6965

Time (s): cpu = 00:00:00.04 ; elapsed = 00:00:00.03 . Memory (MB): peak = 2613.434 ; gain = 32.016 ; free physical = 1242 ; free virtual = 3811
INFO: [Opt 31-389] Phase Post Processing Netlist created 0 cells and removed 0 cells
Opt_design Change Summary
=========================


-------------------------------------------------------------------------------------------------------------------------
|  Phase                        |  #Cells created  |  #Cells Removed  |  #Constrained objects preventing optimizations  |
-------------------------------------------------------------------------------------------------------------------------
|  Retarget                     |               0  |               0  |                                              0  |
|  Constant propagation         |               0  |               0  |                                              0  |
|  Sweep                        |               0  |               0  |                                              0  |
|  BUFG optimization            |               0  |               0  |                                              0  |
|  Shift Register Optimization  |               0  |               0  |                                              0  |
|  Post Processing Netlist      |               0  |               0  |                                              0  |
-------------------------------------------------------------------------------------------------------------------------



Starting Connectivity Check Task

Time (s): cpu = 00:00:00 ; elapsed = 00:00:00 . Memory (MB): peak = 2613.434 ; gain = 0.000 ; free physical = 1242 ; free virtual = 3811
Ending Logic Optimization Task | Checksum: 2174ac721

Time (s): cpu = 00:00:00.04 ; elapsed = 00:00:00.03 . Memory (MB): peak = 2613.434 ; gain = 32.016 ; free physical = 1242 ; free virtual = 3811

Starting Power Optimization Task
INFO: [Pwropt 34-132] Skipping clock gating for clocks with a period < 2.00 ns.
Ending Power Optimization Task | Checksum: 2174ac721

Time (s): cpu = 00:00:00.01 ; elapsed = 00:00:00.01 . Memory (MB): peak = 2613.434 ; gain = 0.000 ; free physical = 1240 ; free virtual = 3809

Starting Final Cleanup Task
Ending Final Cleanup Task | Checksum: 2174ac721

Time (s): cpu = 00:00:00 ; elapsed = 00:00:00 . Memory (MB): peak = 2613.434 ; gain = 0.000 ; free physical = 1240 ; free virtual = 3809

Starting Netlist Obfuscation Task
Netlist sorting complete. Time (s): cpu = 00:00:00 ; elapsed = 00:00:00 . Memory (MB): peak = 2613.434 ; gain = 0.000 ; free physical = 1240 ; free virtual = 3809
Ending Netlist Obfuscation Task | Checksum: 2174ac721

Time (s): cpu = 00:00:00 ; elapsed = 00:00:00 . Memory (MB): peak = 2613.434 ; gain = 0.000 ; free physical = 1240 ; free virtual = 3809
INFO: [Common 17-83] Releasing license: Implementation
24 Infos, 0 Warnings, 0 Critical Warnings and 0 Errors encountered.
opt_design completed successfully
opt_design: Time (s): cpu = 00:00:08 ; elapsed = 00:00:08 . Memory (MB): peak = 2613.434 ; gain = 852.609 ; free physical = 1240 ; free virtual = 3809
INFO: [Timing 38-480] Writing timing data to binary archive.
Writing XDEF routing.
Writing XDEF routing logical nets.
Writing XDEF routing special nets.
Write XDEF Complete: Time (s): cpu = 00:00:00.06 ; elapsed = 00:00:00.03 . Memory (MB): peak = 2637.445 ; gain = 16.008 ; free physical = 1233 ; free virtual = 3801
INFO: [Common 17-1381] The checkpoint '/home/nate/Desktop/senior_design/src/fpga_practice/custom_uart_tx/custom_uart_tx.runs/impl_1/main_test_opt.dcp' has been generated.
INFO: [runtcl-4] Executing : report_drc -file main_test_drc_opted.rpt -pb main_test_drc_opted.pb -rpx main_test_drc_opted.rpx
Command: report_drc -file main_test_drc_opted.rpt -pb main_test_drc_opted.pb -rpx main_test_drc_opted.rpx
INFO: [IP_Flow 19-234] Refreshing IP repositories
INFO: [IP_Flow 19-1704] No user IP repositories specified
INFO: [IP_Flow 19-2313] Loaded Vivado IP repository '/tools/Vivado/2022.2/data/ip'.
INFO: [DRC 23-27] Running DRC with 8 threads
INFO: [Vivado_Tcl 2-168] The results of DRC are in file /home/nate/Desktop/senior_design/src/fpga_practice/custom_uart_tx/custom_uart_tx.runs/impl_1/main_test_drc_opted.rpt.
report_drc completed successfully
Command: place_design
Attempting to get a license for feature 'Implementation' and/or device 'xc7a100t'
INFO: [Common 17-349] Got license for feature 'Implementation' and/or device 'xc7a100t'
INFO: [DRC 23-27] Running DRC with 8 threads
INFO: [Vivado_Tcl 4-198] DRC finished with 0 Errors
INFO: [Vivado_Tcl 4-199] Please refer to the DRC report (report_drc) for more information.
Running DRC as a precondition to command place_design
INFO: [DRC 23-27] Running DRC with 8 threads
INFO: [Vivado_Tcl 4-198] DRC finished with 0 Errors
INFO: [Vivado_Tcl 4-199] Please refer to the DRC report (report_drc) for more information.

Starting Placer Task
INFO: [Place 30-611] Multithreading enabled for place_design using a maximum of 8 CPUs

Phase 1 Placer Initialization

Phase 1.1 Placer Initialization Netlist Sorting
Netlist sorting complete. Time (s): cpu = 00:00:00 ; elapsed = 00:00:00 . Memory (MB): peak = 2661.457 ; gain = 0.000 ; free physical = 1250 ; free virtual = 3776
Phase 1.1 Placer Initialization Netlist Sorting | Checksum: 1c9282207

Time (s): cpu = 00:00:00 ; elapsed = 00:00:00.02 . Memory (MB): peak = 2661.457 ; gain = 0.000 ; free physical = 1250 ; free virtual = 3776
Netlist sorting complete. Time (s): cpu = 00:00:00 ; elapsed = 00:00:00 . Memory (MB): peak = 2661.457 ; gain = 0.000 ; free physical = 1250 ; free virtual = 3776

Phase 1.2 IO Placement/ Clock Placement/ Build Placer Device
INFO: [Timing 38-35] Done setting XDC timing constraints.
Phase 1.2 IO Placement/ Clock Placement/ Build Placer Device | Checksum: debe64d5

Time (s): cpu = 00:00:00.46 ; elapsed = 00:00:00.21 . Memory (MB): peak = 2661.457 ; gain = 0.000 ; free physical = 1225 ; free virtual = 3755

Phase 1.3 Build Placer Netlist Model
Phase 1.3 Build Placer Netlist Model | Checksum: 13b01458c

Time (s): cpu = 00:00:00.62 ; elapsed = 00:00:00.28 . Memory (MB): peak = 2661.457 ; gain = 0.000 ; free physical = 1237 ; free virtual = 3766

Phase 1.4 Constrain Clocks/Macros
Phase 1.4 Constrain Clocks/Macros | Checksum: 13b01458c

Time (s): cpu = 00:00:00.63 ; elapsed = 00:00:00.28 . Memory (MB): peak = 2661.457 ; gain = 0.000 ; free physical = 1237 ; free virtual = 3766
Phase 1 Placer Initialization | Checksum: 13b01458c

Time (s): cpu = 00:00:00.63 ; elapsed = 00:00:00.28 . Memory (MB): peak = 2661.457 ; gain = 0.000 ; free physical = 1237 ; free virtual = 3767

Phase 2 Global Placement

Phase 2.1 Floorplanning
Phase 2.1 Floorplanning | Checksum: 1a2b75ab4

Time (s): cpu = 00:00:00.8 ; elapsed = 00:00:00.31 . Memory (MB): peak = 2661.457 ; gain = 0.000 ; free physical = 1220 ; free virtual = 3751

Phase 2.2 Update Timing before SLR Path Opt
Phase 2.2 Update Timing before SLR Path Opt | Checksum: 19cc05a06

Time (s): cpu = 00:00:00.85 ; elapsed = 00:00:00.32 . Memory (MB): peak = 2661.457 ; gain = 0.000 ; free physical = 1220 ; free virtual = 3751

Phase 2.3 Post-Processing in Floorplanning
Phase 2.3 Post-Processing in Floorplanning | Checksum: 19cc05a06

Time (s): cpu = 00:00:00.85 ; elapsed = 00:00:00.32 . Memory (MB): peak = 2661.457 ; gain = 0.000 ; free physical = 1220 ; free virtual = 3751

Phase 2.4 Global Placement Core

Phase 2.4.1 UpdateTiming Before Physical Synthesis
Phase 2.4.1 UpdateTiming Before Physical Synthesis | Checksum: f5d2950a

Time (s): cpu = 00:00:04 ; elapsed = 00:00:00.77 . Memory (MB): peak = 2661.457 ; gain = 0.000 ; free physical = 1092 ; free virtual = 3614

Phase 2.4.2 Physical Synthesis In Placer
INFO: [Physopt 32-1035] Found 0 LUTNM shape to break, 2 LUT instances to create LUTNM shape
INFO: [Physopt 32-1044] Break lutnm for timing: one critical 0, two critical 0, total 0, new lutff created 0
INFO: [Physopt 32-1138] End 1 Pass. Optimized 1 net or LUT. Breaked 0 LUT, combined 1 existing LUT and moved 0 existing LUT
INFO: [Physopt 32-65] No nets found for high-fanout optimization.
INFO: [Physopt 32-232] Optimized 0 net. Created 0 new instance.
INFO: [Physopt 32-775] End 1 Pass. Optimized 0 net or cell. Created 0 new cell, deleted 0 existing cell and moved 0 existing cell
INFO: [Physopt 32-670] No setup violation found.  DSP Register Optimization was not performed.
INFO: [Physopt 32-670] No setup violation found.  Shift Register to Pipeline Optimization was not performed.
INFO: [Physopt 32-670] No setup violation found.  Shift Register Optimization was not performed.
INFO: [Physopt 32-670] No setup violation found.  BRAM Register Optimization was not performed.
INFO: [Physopt 32-670] No setup violation found.  URAM Register Optimization was not performed.
INFO: [Physopt 32-949] No candidate nets found for dynamic/static region interface net replication
INFO: [Physopt 32-775] End 1 Pass. Optimized 0 net or cell. Created 0 new cell, deleted 0 existing cell and moved 0 existing cell
Netlist sorting complete. Time (s): cpu = 00:00:00 ; elapsed = 00:00:00 . Memory (MB): peak = 2661.457 ; gain = 0.000 ; free physical = 1101 ; free virtual = 3620

Summary of Physical Synthesis Optimizations
============================================


-----------------------------------------------------------------------------------------------------------------------------------------------------------
|  Optimization                                     |  Added Cells  |  Removed Cells  |  Optimized Cells/Nets  |  Dont Touch  |  Iterations  |  Elapsed   |
-----------------------------------------------------------------------------------------------------------------------------------------------------------
|  LUT Combining                                    |            0  |              1  |                     1  |           0  |           1  |  00:00:00  |
|  Retime                                           |            0  |              0  |                     0  |           0  |           1  |  00:00:00  |
|  Very High Fanout                                 |            0  |              0  |                     0  |           0  |           1  |  00:00:00  |
|  DSP Register                                     |            0  |              0  |                     0  |           0  |           0  |  00:00:00  |
|  Shift Register to Pipeline                       |            0  |              0  |                     0  |           0  |           0  |  00:00:00  |
|  Shift Register                                   |            0  |              0  |                     0  |           0  |           0  |  00:00:00  |
|  BRAM Register                                    |            0  |              0  |                     0  |           0  |           0  |  00:00:00  |
|  URAM Register                                    |            0  |              0  |                     0  |           0  |           0  |  00:00:00  |
|  Dynamic/Static Region Interface Net Replication  |            0  |              0  |                     0  |           0  |           1  |  00:00:00  |
|  Total                                            |            0  |              1  |                     1  |           0  |           4  |  00:00:00  |
-----------------------------------------------------------------------------------------------------------------------------------------------------------


Phase 2.4.2 Physical Synthesis In Placer | Checksum: eee32f50

Time (s): cpu = 00:00:04 ; elapsed = 00:00:01 . Memory (MB): peak = 2661.457 ; gain = 0.000 ; free physical = 1101 ; free virtual = 3620
Phase 2.4 Global Placement Core | Checksum: eac151aa

Time (s): cpu = 00:00:04 ; elapsed = 00:00:01 . Memory (MB): peak = 2661.457 ; gain = 0.000 ; free physical = 1100 ; free virtual = 3620
Phase 2 Global Placement | Checksum: eac151aa

Time (s): cpu = 00:00:04 ; elapsed = 00:00:01 . Memory (MB): peak = 2661.457 ; gain = 0.000 ; free physical = 1100 ; free virtual = 3620

Phase 3 Detail Placement

Phase 3.1 Commit Multi Column Macros
Phase 3.1 Commit Multi Column Macros | Checksum: 1333ffc2f

Time (s): cpu = 00:00:04 ; elapsed = 00:00:01 . Memory (MB): peak = 2661.457 ; gain = 0.000 ; free physical = 1099 ; free virtual = 3619

Phase 3.2 Commit Most Macros & LUTRAMs
Phase 3.2 Commit Most Macros & LUTRAMs | Checksum: 1ebb2286f

Time (s): cpu = 00:00:04 ; elapsed = 00:00:01 . Memory (MB): peak = 2661.457 ; gain = 0.000 ; free physical = 1099 ; free virtual = 3618

Phase 3.3 Area Swap Optimization
Phase 3.3 Area Swap Optimization | Checksum: 1d495505f

Time (s): cpu = 00:00:04 ; elapsed = 00:00:01 . Memory (MB): peak = 2661.457 ; gain = 0.000 ; free physical = 1099 ; free virtual = 3618

Phase 3.4 Pipeline Register Optimization
Phase 3.4 Pipeline Register Optimization | Checksum: 1f1db9c1c

Time (s): cpu = 00:00:04 ; elapsed = 00:00:01 . Memory (MB): peak = 2661.457 ; gain = 0.000 ; free physical = 1099 ; free virtual = 3618

Phase 3.5 Small Shape Detail Placement
Phase 3.5 Small Shape Detail Placement | Checksum: 171c21d5c

Time (s): cpu = 00:00:05 ; elapsed = 00:00:01 . Memory (MB): peak = 2661.457 ; gain = 0.000 ; free physical = 1094 ; free virtual = 3615

Phase 3.6 Re-assign LUT pins
Phase 3.6 Re-assign LUT pins | Checksum: 1eb75c15a

Time (s): cpu = 00:00:05 ; elapsed = 00:00:01 . Memory (MB): peak = 2661.457 ; gain = 0.000 ; free physical = 1094 ; free virtual = 3615

Phase 3.7 Pipeline Register Optimization
Phase 3.7 Pipeline Register Optimization | Checksum: 2453ec947

Time (s): cpu = 00:00:05 ; elapsed = 00:00:01 . Memory (MB): peak = 2661.457 ; gain = 0.000 ; free physical = 1094 ; free virtual = 3615
Phase 3 Detail Placement | Checksum: 2453ec947

Time (s): cpu = 00:00:05 ; elapsed = 00:00:01 . Memory (MB): peak = 2661.457 ; gain = 0.000 ; free physical = 1094 ; free virtual = 3615

Phase 4 Post Placement Optimization and Clean-Up

Phase 4.1 Post Commit Optimization
INFO: [Timing 38-35] Done setting XDC timing constraints.

Phase 4.1.1 Post Placement Optimization
Post Placement Optimization Initialization | Checksum: 125c9e9b3

Phase 4.1.1.1 BUFG Insertion

Starting Physical Synthesis Task

Phase 1 Physical Synthesis Initialization
INFO: [Physopt 32-721] Multithreading enabled for phys_opt_design using a maximum of 8 CPUs
INFO: [Physopt 32-619] Estimated Timing Summary | WNS=6.445 | TNS=0.000 |
Phase 1 Physical Synthesis Initialization | Checksum: eb5b159b

Time (s): cpu = 00:00:00.02 ; elapsed = 00:00:00.01 . Memory (MB): peak = 2661.457 ; gain = 0.000 ; free physical = 1094 ; free virtual = 3614
INFO: [Place 46-56] BUFG insertion identified 0 candidate nets. Inserted BUFG: 0, Replicated BUFG Driver: 0, Skipped due to Placement/Routing Conflicts: 0, Skipped due to Timing Degradation: 0, Skipped due to Illegal Netlist: 0.
Ending Physical Synthesis Task | Checksum: 114f2c57d

Time (s): cpu = 00:00:00.02 ; elapsed = 00:00:00.01 . Memory (MB): peak = 2661.457 ; gain = 0.000 ; free physical = 1094 ; free virtual = 3614
Phase 4.1.1.1 BUFG Insertion | Checksum: 125c9e9b3

Time (s): cpu = 00:00:05 ; elapsed = 00:00:01 . Memory (MB): peak = 2661.457 ; gain = 0.000 ; free physical = 1094 ; free virtual = 3614

Phase 4.1.1.2 Post Placement Timing Optimization
INFO: [Place 30-746] Post Placement Timing Summary WNS=6.445. For the most accurate timing information please run report_timing.
Phase 4.1.1.2 Post Placement Timing Optimization | Checksum: 11def32fb

Time (s): cpu = 00:00:05 ; elapsed = 00:00:01 . Memory (MB): peak = 2661.457 ; gain = 0.000 ; free physical = 1094 ; free virtual = 3614

Time (s): cpu = 00:00:05 ; elapsed = 00:00:01 . Memory (MB): peak = 2661.457 ; gain = 0.000 ; free physical = 1094 ; free virtual = 3614
Phase 4.1 Post Commit Optimization | Checksum: 11def32fb

Time (s): cpu = 00:00:05 ; elapsed = 00:00:01 . Memory (MB): peak = 2661.457 ; gain = 0.000 ; free physical = 1094 ; free virtual = 3614

Phase 4.2 Post Placement Cleanup
Phase 4.2 Post Placement Cleanup | Checksum: 11def32fb

Time (s): cpu = 00:00:05 ; elapsed = 00:00:01 . Memory (MB): peak = 2661.457 ; gain = 0.000 ; free physical = 1094 ; free virtual = 3614

Phase 4.3 Placer Reporting

Phase 4.3.1 Print Estimated Congestion
INFO: [Place 30-612] Post-Placement Estimated Congestion 
 ____________________________________________________
|           | Global Congestion | Short Congestion  |
| Direction | Region Size       | Region Size       |
|___________|___________________|___________________|
|      North|                1x1|                1x1|
|___________|___________________|___________________|
|      South|                1x1|                1x1|
|___________|___________________|___________________|
|       East|                1x1|                1x1|
|___________|___________________|___________________|
|       West|                1x1|                1x1|
|___________|___________________|___________________|

Phase 4.3.1 Print Estimated Congestion | Checksum: 11def32fb

Time (s): cpu = 00:00:05 ; elapsed = 00:00:01 . Memory (MB): peak = 2661.457 ; gain = 0.000 ; free physical = 1094 ; free virtual = 3614
Phase 4.3 Placer Reporting | Checksum: 11def32fb

Time (s): cpu = 00:00:05 ; elapsed = 00:00:01 . Memory (MB): peak = 2661.457 ; gain = 0.000 ; free physical = 1094 ; free virtual = 3614

Phase 4.4 Final Placement Cleanup
Netlist sorting complete. Time (s): cpu = 00:00:00 ; elapsed = 00:00:00 . Memory (MB): peak = 2661.457 ; gain = 0.000 ; free physical = 1094 ; free virtual = 3614

Time (s): cpu = 00:00:05 ; elapsed = 00:00:01 . Memory (MB): peak = 2661.457 ; gain = 0.000 ; free physical = 1094 ; free virtual = 3614
Phase 4 Post Placement Optimization and Clean-Up | Checksum: 10ae10f26

Time (s): cpu = 00:00:05 ; elapsed = 00:00:01 . Memory (MB): peak = 2661.457 ; gain = 0.000 ; free physical = 1094 ; free virtual = 3614
Ending Placer Task | Checksum: b3c1fc8e

Time (s): cpu = 00:00:05 ; elapsed = 00:00:01 . Memory (MB): peak = 2661.457 ; gain = 0.000 ; free physical = 1094 ; free virtual = 3614
INFO: [Common 17-83] Releasing license: Implementation
61 Infos, 0 Warnings, 0 Critical Warnings and 0 Errors encountered.
place_design completed successfully
INFO: [Timing 38-480] Writing timing data to binary archive.
Writing XDEF routing.
Writing XDEF routing logical nets.
Writing XDEF routing special nets.
Write XDEF Complete: Time (s): cpu = 00:00:00.08 ; elapsed = 00:00:00.04 . Memory (MB): peak = 2661.457 ; gain = 0.000 ; free physical = 1115 ; free virtual = 3635
INFO: [Common 17-1381] The checkpoint '/home/nate/Desktop/senior_design/src/fpga_practice/custom_uart_tx/custom_uart_tx.runs/impl_1/main_test_placed.dcp' has been generated.
INFO: [runtcl-4] Executing : report_io -file main_test_io_placed.rpt
report_io: Time (s): cpu = 00:00:00.09 ; elapsed = 00:00:00.13 . Memory (MB): peak = 2661.457 ; gain = 0.000 ; free physical = 1128 ; free virtual = 3640
INFO: [runtcl-4] Executing : report_utilization -file main_test_utilization_placed.rpt -pb main_test_utilization_placed.pb
INFO: [runtcl-4] Executing : report_control_sets -verbose -file main_test_control_sets_placed.rpt
report_control_sets: Time (s): cpu = 00:00:00.05 ; elapsed = 00:00:00.07 . Memory (MB): peak = 2661.457 ; gain = 0.000 ; free physical = 1138 ; free virtual = 3641
Command: phys_opt_design
Attempting to get a license for feature 'Implementation' and/or device 'xc7a100t'
INFO: [Common 17-349] Got license for feature 'Implementation' and/or device 'xc7a100t'

Starting Initial Update Timing Task

Time (s): cpu = 00:00:00.04 ; elapsed = 00:00:00.04 . Memory (MB): peak = 2661.457 ; gain = 0.000 ; free physical = 1147 ; free virtual = 3623
INFO: [Vivado_Tcl 4-383] Design worst setup slack (WNS) is greater than or equal to 0.000 ns. Skipping all physical synthesis optimizations.
INFO: [Vivado_Tcl 4-232] No setup violation found. The netlist was not modified.
INFO: [Common 17-83] Releasing license: Implementation
70 Infos, 0 Warnings, 0 Critical Warnings and 0 Errors encountered.
phys_opt_design completed successfully
INFO: [Timing 38-480] Writing timing data to binary archive.
Writing XDEF routing.
Writing XDEF routing logical nets.
Writing XDEF routing special nets.
Write XDEF Complete: Time (s): cpu = 00:00:00.07 ; elapsed = 00:00:00.03 . Memory (MB): peak = 2661.457 ; gain = 0.000 ; free physical = 1140 ; free virtual = 3616
INFO: [Common 17-1381] The checkpoint '/home/nate/Desktop/senior_design/src/fpga_practice/custom_uart_tx/custom_uart_tx.runs/impl_1/main_test_physopt.dcp' has been generated.
Command: route_design
Attempting to get a license for feature 'Implementation' and/or device 'xc7a100t'
INFO: [Common 17-349] Got license for feature 'Implementation' and/or device 'xc7a100t'
Running DRC as a precondition to command route_design
INFO: [DRC 23-27] Running DRC with 8 threads
INFO: [Vivado_Tcl 4-198] DRC finished with 0 Errors
INFO: [Vivado_Tcl 4-199] Please refer to the DRC report (report_drc) for more information.


Starting Routing Task
INFO: [Route 35-254] Multithreading enabled for route_design using a maximum of 8 CPUs

Phase 1 Build RT Design
Checksum: PlaceDB: 88917932 ConstDB: 0 ShapeSum: 2b30835c RouteDB: 0
Post Restoration Checksum: NetGraph: b511815c NumContArr: 78f5e12a Constraints: 0 Timing: 0
Phase 1 Build RT Design | Checksum: 12e076286

Time (s): cpu = 00:00:22 ; elapsed = 00:00:19 . Memory (MB): peak = 2765.031 ; gain = 65.980 ; free physical = 1145 ; free virtual = 3513

Phase 2 Router Initialization

Phase 2.1 Fix Topology Constraints
Phase 2.1 Fix Topology Constraints | Checksum: 12e076286

Time (s): cpu = 00:00:22 ; elapsed = 00:00:19 . Memory (MB): peak = 2798.031 ; gain = 98.980 ; free physical = 1129 ; free virtual = 3480

Phase 2.2 Pre Route Cleanup
Phase 2.2 Pre Route Cleanup | Checksum: 12e076286

Time (s): cpu = 00:00:22 ; elapsed = 00:00:19 . Memory (MB): peak = 2798.031 ; gain = 98.980 ; free physical = 1130 ; free virtual = 3479
 Number of Nodes with overlaps = 0

Phase 2.3 Update Timing
Phase 2.3 Update Timing | Checksum: 1b3d3c20f

Time (s): cpu = 00:00:23 ; elapsed = 00:00:20 . Memory (MB): peak = 2813.328 ; gain = 114.277 ; free physical = 1127 ; free virtual = 3465
INFO: [Route 35-416] Intermediate Timing Summary | WNS=6.496  | TNS=0.000  | WHS=-0.115 | THS=-5.671 |


Router Utilization Summary
  Global Vertical Routing Utilization    = 0 %
  Global Horizontal Routing Utilization  = 0 %
  Routable Net Status*
  *Does not include unroutable nets such as driverless and loadless.
  Run report_route_status for detailed report.
  Number of Failed Nets               = 142
    (Failed Nets is the sum of unrouted and partially routed nets)
  Number of Unrouted Nets             = 142
  Number of Partially Routed Nets     = 0
  Number of Node Overlaps             = 0

Phase 2 Router Initialization | Checksum: 12d762926

Time (s): cpu = 00:00:23 ; elapsed = 00:00:20 . Memory (MB): peak = 2820.203 ; gain = 121.152 ; free physical = 1135 ; free virtual = 3467

Phase 3 Initial Routing

Phase 3.1 Global Routing
Phase 3.1 Global Routing | Checksum: 12d762926

Time (s): cpu = 00:00:23 ; elapsed = 00:00:20 . Memory (MB): peak = 2820.203 ; gain = 121.152 ; free physical = 1135 ; free virtual = 3467
Phase 3 Initial Routing | Checksum: 256af092a

Time (s): cpu = 00:00:23 ; elapsed = 00:00:20 . Memory (MB): peak = 2820.203 ; gain = 121.152 ; free physical = 1214 ; free virtual = 3486

Phase 4 Rip-up And Reroute

Phase 4.1 Global Iteration 0
 Number of Nodes with overlaps = 6
 Number of Nodes with overlaps = 0
INFO: [Route 35-416] Intermediate Timing Summary | WNS=5.639  | TNS=0.000  | WHS=N/A    | THS=N/A    |

Phase 4.1 Global Iteration 0 | Checksum: f80f2f16

Time (s): cpu = 00:00:23 ; elapsed = 00:00:20 . Memory (MB): peak = 2820.203 ; gain = 121.152 ; free physical = 1214 ; free virtual = 3486
Phase 4 Rip-up And Reroute | Checksum: f80f2f16

Time (s): cpu = 00:00:23 ; elapsed = 00:00:20 . Memory (MB): peak = 2820.203 ; gain = 121.152 ; free physical = 1214 ; free virtual = 3486

Phase 5 Delay and Skew Optimization

Phase 5.1 Delay CleanUp
Phase 5.1 Delay CleanUp | Checksum: f80f2f16

Time (s): cpu = 00:00:23 ; elapsed = 00:00:20 . Memory (MB): peak = 2820.203 ; gain = 121.152 ; free physical = 1214 ; free virtual = 3486

Phase 5.2 Clock Skew Optimization
Phase 5.2 Clock Skew Optimization | Checksum: f80f2f16

Time (s): cpu = 00:00:23 ; elapsed = 00:00:20 . Memory (MB): peak = 2820.203 ; gain = 121.152 ; free physical = 1214 ; free virtual = 3486
Phase 5 Delay and Skew Optimization | Checksum: f80f2f16

Time (s): cpu = 00:00:23 ; elapsed = 00:00:20 . Memory (MB): peak = 2820.203 ; gain = 121.152 ; free physical = 1214 ; free virtual = 3486

Phase 6 Post Hold Fix

Phase 6.1 Hold Fix Iter

Phase 6.1.1 Update Timing
Phase 6.1.1 Update Timing | Checksum: c27efac8

Time (s): cpu = 00:00:23 ; elapsed = 00:00:20 . Memory (MB): peak = 2820.203 ; gain = 121.152 ; free physical = 1214 ; free virtual = 3487
INFO: [Route 35-416] Intermediate Timing Summary | WNS=5.697  | TNS=0.000  | WHS=0.176  | THS=0.000  |

Phase 6.1 Hold Fix Iter | Checksum: c27efac8

Time (s): cpu = 00:00:23 ; elapsed = 00:00:20 . Memory (MB): peak = 2820.203 ; gain = 121.152 ; free physical = 1214 ; free virtual = 3487
Phase 6 Post Hold Fix | Checksum: c27efac8

Time (s): cpu = 00:00:23 ; elapsed = 00:00:20 . Memory (MB): peak = 2820.203 ; gain = 121.152 ; free physical = 1214 ; free virtual = 3487

Phase 7 Route finalize

Router Utilization Summary
  Global Vertical Routing Utilization    = 0.0109675 %
  Global Horizontal Routing Utilization  = 0.0159136 %
  Routable Net Status*
  *Does not include unroutable nets such as driverless and loadless.
  Run report_route_status for detailed report.
  Number of Failed Nets               = 0
    (Failed Nets is the sum of unrouted and partially routed nets)
  Number of Unrouted Nets             = 0
  Number of Partially Routed Nets     = 0
  Number of Node Overlaps             = 0

Phase 7 Route finalize | Checksum: e770f7b6

Time (s): cpu = 00:00:23 ; elapsed = 00:00:20 . Memory (MB): peak = 2820.203 ; gain = 121.152 ; free physical = 1215 ; free virtual = 3487

Phase 8 Verifying routed nets

 Verification completed successfully
Phase 8 Verifying routed nets | Checksum: e770f7b6

Time (s): cpu = 00:00:24 ; elapsed = 00:00:20 . Memory (MB): peak = 2820.203 ; gain = 121.152 ; free physical = 1212 ; free virtual = 3485

Phase 9 Depositing Routes
Phase 9 Depositing Routes | Checksum: ce93c672

Time (s): cpu = 00:00:24 ; elapsed = 00:00:20 . Memory (MB): peak = 2836.211 ; gain = 137.160 ; free physical = 1212 ; free virtual = 3485

Phase 10 Post Router Timing
INFO: [Route 35-57] Estimated Timing Summary | WNS=5.697  | TNS=0.000  | WHS=0.176  | THS=0.000  |

INFO: [Route 35-327] The final timing numbers are based on the router estimated timing analysis. For a complete and accurate timing signoff, please run report_timing_summary.
Phase 10 Post Router Timing | Checksum: ce93c672

Time (s): cpu = 00:00:24 ; elapsed = 00:00:20 . Memory (MB): peak = 2836.211 ; gain = 137.160 ; free physical = 1212 ; free virtual = 3485
INFO: [Route 35-16] Router Completed Successfully

Time (s): cpu = 00:00:24 ; elapsed = 00:00:20 . Memory (MB): peak = 2836.211 ; gain = 137.160 ; free physical = 1244 ; free virtual = 3517

Routing Is Done.
INFO: [Common 17-83] Releasing license: Implementation
84 Infos, 0 Warnings, 0 Critical Warnings and 0 Errors encountered.
route_design completed successfully
route_design: Time (s): cpu = 00:00:24 ; elapsed = 00:00:20 . Memory (MB): peak = 2836.211 ; gain = 174.754 ; free physical = 1244 ; free virtual = 3517
INFO: [Timing 38-480] Writing timing data to binary archive.
Writing XDEF routing.
Writing XDEF routing logical nets.
Writing XDEF routing special nets.
Write XDEF Complete: Time (s): cpu = 00:00:00.08 ; elapsed = 00:00:00.03 . Memory (MB): peak = 2836.211 ; gain = 0.000 ; free physical = 1241 ; free virtual = 3514
INFO: [Common 17-1381] The checkpoint '/home/nate/Desktop/senior_design/src/fpga_practice/custom_uart_tx/custom_uart_tx.runs/impl_1/main_test_routed.dcp' has been generated.
INFO: [runtcl-4] Executing : report_drc -file main_test_drc_routed.rpt -pb main_test_drc_routed.pb -rpx main_test_drc_routed.rpx
Command: report_drc -file main_test_drc_routed.rpt -pb main_test_drc_routed.pb -rpx main_test_drc_routed.rpx
INFO: [IP_Flow 19-1839] IP Catalog is up to date.
INFO: [DRC 23-27] Running DRC with 8 threads
INFO: [Vivado_Tcl 2-168] The results of DRC are in file /home/nate/Desktop/senior_design/src/fpga_practice/custom_uart_tx/custom_uart_tx.runs/impl_1/main_test_drc_routed.rpt.
report_drc completed successfully
INFO: [runtcl-4] Executing : report_methodology -file main_test_methodology_drc_routed.rpt -pb main_test_methodology_drc_routed.pb -rpx main_test_methodology_drc_routed.rpx
Command: report_methodology -file main_test_methodology_drc_routed.rpt -pb main_test_methodology_drc_routed.pb -rpx main_test_methodology_drc_routed.rpx
INFO: [Timing 38-35] Done setting XDC timing constraints.
INFO: [DRC 23-133] Running Methodology with 8 threads
INFO: [Vivado_Tcl 2-1520] The results of Report Methodology are in file /home/nate/Desktop/senior_design/src/fpga_practice/custom_uart_tx/custom_uart_tx.runs/impl_1/main_test_methodology_drc_routed.rpt.
report_methodology completed successfully
INFO: [runtcl-4] Executing : report_power -file main_test_power_routed.rpt -pb main_test_power_summary_routed.pb -rpx main_test_power_routed.rpx
Command: report_power -file main_test_power_routed.rpt -pb main_test_power_summary_routed.pb -rpx main_test_power_routed.rpx
INFO: [Timing 38-35] Done setting XDC timing constraints.
Running Vector-less Activity Propagation...

Finished Running Vector-less Activity Propagation
96 Infos, 0 Warnings, 0 Critical Warnings and 0 Errors encountered.
report_power completed successfully
INFO: [runtcl-4] Executing : report_route_status -file main_test_route_status.rpt -pb main_test_route_status.pb
INFO: [runtcl-4] Executing : report_timing_summary -max_paths 10 -report_unconstrained -file main_test_timing_summary_routed.rpt -pb main_test_timing_summary_routed.pb -rpx main_test_timing_summary_routed.rpx -warn_on_violation 
INFO: [Timing 38-91] UpdateTimingParams: Speed grade: -3, Delay Type: min_max.
INFO: [Timing 38-191] Multithreading enabled for timing update using a maximum of 8 CPUs
INFO: [runtcl-4] Executing : report_incremental_reuse -file main_test_incremental_reuse_routed.rpt
INFO: [Vivado_Tcl 4-1062] Incremental flow is disabled. No incremental reuse Info to report.
INFO: [runtcl-4] Executing : report_clock_utilization -file main_test_clock_utilization_routed.rpt
INFO: [runtcl-4] Executing : report_bus_skew -warn_on_violation -file main_test_bus_skew_routed.rpt -pb main_test_bus_skew_routed.pb -rpx main_test_bus_skew_routed.rpx
INFO: [Timing 38-91] UpdateTimingParams: Speed grade: -3, Delay Type: min_max.
INFO: [Timing 38-191] Multithreading enabled for timing update using a maximum of 8 CPUs
Command: write_bitstream -force main_test.bit
Attempting to get a license for feature 'Implementation' and/or device 'xc7a100t'
INFO: [Common 17-349] Got license for feature 'Implementation' and/or device 'xc7a100t'
Running DRC as a precondition to command write_bitstream
INFO: [IP_Flow 19-1839] IP Catalog is up to date.
INFO: [DRC 23-27] Running DRC with 8 threads
WARNING: [DRC CFGBVS-1] Missing CFGBVS and CONFIG_VOLTAGE Design Properties: Neither the CFGBVS nor CONFIG_VOLTAGE voltage property is set in the current_design.  Configuration bank voltage select (CFGBVS) must be set to VCCO or GND, and CONFIG_VOLTAGE must be set to the correct configuration voltage, in order to determine the I/O voltage support for the pins in bank 0.  It is suggested to specify these either using the 'Edit Device Properties' function in the GUI or directly in the XDC file using the following syntax:

 set_property CFGBVS value1 [current_design]
 #where value1 is either VCCO or GND

 set_property CONFIG_VOLTAGE value2 [current_design]
 #where value2 is the voltage provided to configuration bank 0

Refer to the device configuration user guide for more information.
INFO: [Vivado 12-3199] DRC finished with 0 Errors, 1 Warnings
INFO: [Vivado 12-3200] Please refer to the DRC report (report_drc) for more information.
INFO: [Designutils 20-2272] Running write_bitstream with 8 threads.
Loading data files...
Loading site data...
Loading route data...
Processing options...
Creating bitmap...
Creating bitstream...
Writing bitstream ./main_test.bit...
INFO: [Vivado 12-1842] Bitgen Completed Successfully.
INFO: [Project 1-1876] WebTalk data collection is mandatory when using a ULT device. To see the specific WebTalk data collected for your design, open the usage_statistics_webtalk.html or usage_statistics_webtalk.xml file in the implementation directory.
INFO: [Common 17-83] Releasing license: Implementation
12 Infos, 1 Warnings, 0 Critical Warnings and 0 Errors encountered.
write_bitstream completed successfully
write_bitstream: Time (s): cpu = 00:00:07 ; elapsed = 00:00:09 . Memory (MB): peak = 3174.262 ; gain = 247.293 ; free physical = 1456 ; free virtual = 3534
INFO: [Common 17-206] Exiting Vivado at Sat Apr 22 14:49:13 2023...
