
*** Running vivado
    with args -log nfsr.vds -m64 -product Vivado -mode batch -messageDb vivado.pb -notrace -source nfsr.tcl


****** Vivado v2022.2 (64-bit)
  **** SW Build 3671981 on Fri Oct 14 04:59:54 MDT 2022
  **** IP Build 3669848 on Fri Oct 14 08:30:02 MDT 2022
    ** Copyright 1986-2022 Xilinx, Inc. All Rights Reserved.

source nfsr.tcl -notrace
Command: synth_design -top nfsr -part xc7a100tcsg324-3
Starting synth_design
Attempting to get a license for feature 'Synthesis' and/or device 'xc7a100t'
INFO: [Common 17-349] Got license for feature 'Synthesis' and/or device 'xc7a100t'
INFO: [Device 21-403] Loading part xc7a100tcsg324-3
INFO: [Synth 8-7079] Multithreading enabled for synth_design using a maximum of 4 processes.
INFO: [Synth 8-7078] Launching helper process for spawning children vivado processes
INFO: [Synth 8-7075] Helper process launched with PID 5442
INFO: [Synth 8-11241] undeclared symbol 'REGCCE', assumed default net type 'wire' [/tools/Xilinx/Vivado/2022.2/data/verilog/src/unimacro/BRAM_SINGLE_MACRO.v:2170]
WARNING: [Synth 8-11121] redeclaration of ANSI port 'pause' is not allowed [/home/nhatvan1561/Desktop/senior_design/src/nfsr_fpga/nfsr_fpga.srcs/sources_1/new/nfsr.sv:34]
---------------------------------------------------------------------------------
Starting RTL Elaboration : Time (s): cpu = 00:00:04 ; elapsed = 00:00:04 . Memory (MB): peak = 1952.219 ; gain = 372.770 ; free physical = 175 ; free virtual = 11527
Synthesis current peak Physical Memory [PSS] (MB): peak = 1381.395; parent = 1168.704; children = 212.690
Synthesis current peak Virtual Memory [VSS] (MB): peak = 2964.660; parent = 1952.223; children = 1012.438
---------------------------------------------------------------------------------
INFO: [Synth 8-6157] synthesizing module 'nfsr' [/home/nhatvan1561/Desktop/senior_design/src/nfsr_fpga/nfsr_fpga.srcs/sources_1/new/nfsr.sv:23]
WARNING: [Synth 8-6104] Input port 'nfsr' has an internal driver [/home/nhatvan1561/Desktop/senior_design/src/nfsr_fpga/nfsr_fpga.srcs/sources_1/new/nfsr.sv:36]
WARNING: [Synth 8-567] referenced signal 'seed' should be on the sensitivity list [/home/nhatvan1561/Desktop/senior_design/src/nfsr_fpga/nfsr_fpga.srcs/sources_1/new/nfsr.sv:35]
WARNING: [Synth 8-6104] Input port 'nfsr' has an internal driver [/home/nhatvan1561/Desktop/senior_design/src/nfsr_fpga/nfsr_fpga.srcs/sources_1/new/nfsr.sv:55]
INFO: [Synth 8-6155] done synthesizing module 'nfsr' (0#1) [/home/nhatvan1561/Desktop/senior_design/src/nfsr_fpga/nfsr_fpga.srcs/sources_1/new/nfsr.sv:23]
WARNING: [Synth 8-6014] Unused sequential element b_reg was removed.  [/home/nhatvan1561/Desktop/senior_design/src/nfsr_fpga/nfsr_fpga.srcs/sources_1/new/nfsr.sv:41]
WARNING: [Synth 8-7129] Port en in module nfsr is either unconnected or has no load
---------------------------------------------------------------------------------
Finished RTL Elaboration : Time (s): cpu = 00:00:05 ; elapsed = 00:00:05 . Memory (MB): peak = 2018.188 ; gain = 438.738 ; free physical = 301 ; free virtual = 11623
Synthesis current peak Physical Memory [PSS] (MB): peak = 1381.395; parent = 1168.704; children = 212.690
Synthesis current peak Virtual Memory [VSS] (MB): peak = 3030.629; parent = 2018.191; children = 1012.438
---------------------------------------------------------------------------------
CRITICAL WARNING: [Synth 8-6859] multi-driven net on pin seed[31] with 1st driver pin 'seed[31]' [/home/nhatvan1561/Desktop/senior_design/src/nfsr_fpga/nfsr_fpga.srcs/sources_1/new/nfsr.sv:23]
CRITICAL WARNING: [Synth 8-6859] multi-driven net on pin seed[31] with 2nd driver pin 'nfsr[31]' [/home/nhatvan1561/Desktop/senior_design/src/nfsr_fpga/nfsr_fpga.srcs/sources_1/new/nfsr.sv:23]
CRITICAL WARNING: [Synth 8-6859] multi-driven net on pin seed[30] with 1st driver pin 'seed[30]' [/home/nhatvan1561/Desktop/senior_design/src/nfsr_fpga/nfsr_fpga.srcs/sources_1/new/nfsr.sv:23]
CRITICAL WARNING: [Synth 8-6859] multi-driven net on pin seed[30] with 2nd driver pin 'nfsr[30]' [/home/nhatvan1561/Desktop/senior_design/src/nfsr_fpga/nfsr_fpga.srcs/sources_1/new/nfsr.sv:23]
CRITICAL WARNING: [Synth 8-6859] multi-driven net on pin seed[29] with 1st driver pin 'seed[29]' [/home/nhatvan1561/Desktop/senior_design/src/nfsr_fpga/nfsr_fpga.srcs/sources_1/new/nfsr.sv:23]
CRITICAL WARNING: [Synth 8-6859] multi-driven net on pin seed[29] with 2nd driver pin 'nfsr[29]' [/home/nhatvan1561/Desktop/senior_design/src/nfsr_fpga/nfsr_fpga.srcs/sources_1/new/nfsr.sv:23]
CRITICAL WARNING: [Synth 8-6859] multi-driven net on pin seed[28] with 1st driver pin 'seed[28]' [/home/nhatvan1561/Desktop/senior_design/src/nfsr_fpga/nfsr_fpga.srcs/sources_1/new/nfsr.sv:23]
CRITICAL WARNING: [Synth 8-6859] multi-driven net on pin seed[28] with 2nd driver pin 'nfsr[28]' [/home/nhatvan1561/Desktop/senior_design/src/nfsr_fpga/nfsr_fpga.srcs/sources_1/new/nfsr.sv:23]
CRITICAL WARNING: [Synth 8-6859] multi-driven net on pin seed[27] with 1st driver pin 'seed[27]' [/home/nhatvan1561/Desktop/senior_design/src/nfsr_fpga/nfsr_fpga.srcs/sources_1/new/nfsr.sv:23]
CRITICAL WARNING: [Synth 8-6859] multi-driven net on pin seed[27] with 2nd driver pin 'nfsr[27]' [/home/nhatvan1561/Desktop/senior_design/src/nfsr_fpga/nfsr_fpga.srcs/sources_1/new/nfsr.sv:23]
CRITICAL WARNING: [Synth 8-6859] multi-driven net on pin seed[26] with 1st driver pin 'seed[26]' [/home/nhatvan1561/Desktop/senior_design/src/nfsr_fpga/nfsr_fpga.srcs/sources_1/new/nfsr.sv:23]
CRITICAL WARNING: [Synth 8-6859] multi-driven net on pin seed[26] with 2nd driver pin 'nfsr[26]' [/home/nhatvan1561/Desktop/senior_design/src/nfsr_fpga/nfsr_fpga.srcs/sources_1/new/nfsr.sv:23]
CRITICAL WARNING: [Synth 8-6859] multi-driven net on pin seed[25] with 1st driver pin 'seed[25]' [/home/nhatvan1561/Desktop/senior_design/src/nfsr_fpga/nfsr_fpga.srcs/sources_1/new/nfsr.sv:23]
CRITICAL WARNING: [Synth 8-6859] multi-driven net on pin seed[25] with 2nd driver pin 'nfsr[25]' [/home/nhatvan1561/Desktop/senior_design/src/nfsr_fpga/nfsr_fpga.srcs/sources_1/new/nfsr.sv:23]
CRITICAL WARNING: [Synth 8-6859] multi-driven net on pin seed[24] with 1st driver pin 'seed[24]' [/home/nhatvan1561/Desktop/senior_design/src/nfsr_fpga/nfsr_fpga.srcs/sources_1/new/nfsr.sv:23]
CRITICAL WARNING: [Synth 8-6859] multi-driven net on pin seed[24] with 2nd driver pin 'nfsr[24]' [/home/nhatvan1561/Desktop/senior_design/src/nfsr_fpga/nfsr_fpga.srcs/sources_1/new/nfsr.sv:23]
CRITICAL WARNING: [Synth 8-6859] multi-driven net on pin seed[23] with 1st driver pin 'seed[23]' [/home/nhatvan1561/Desktop/senior_design/src/nfsr_fpga/nfsr_fpga.srcs/sources_1/new/nfsr.sv:23]
CRITICAL WARNING: [Synth 8-6859] multi-driven net on pin seed[23] with 2nd driver pin 'nfsr[23]' [/home/nhatvan1561/Desktop/senior_design/src/nfsr_fpga/nfsr_fpga.srcs/sources_1/new/nfsr.sv:23]
CRITICAL WARNING: [Synth 8-6859] multi-driven net on pin seed[22] with 1st driver pin 'seed[22]' [/home/nhatvan1561/Desktop/senior_design/src/nfsr_fpga/nfsr_fpga.srcs/sources_1/new/nfsr.sv:23]
CRITICAL WARNING: [Synth 8-6859] multi-driven net on pin seed[22] with 2nd driver pin 'nfsr[22]' [/home/nhatvan1561/Desktop/senior_design/src/nfsr_fpga/nfsr_fpga.srcs/sources_1/new/nfsr.sv:23]
CRITICAL WARNING: [Synth 8-6859] multi-driven net on pin seed[21] with 1st driver pin 'seed[21]' [/home/nhatvan1561/Desktop/senior_design/src/nfsr_fpga/nfsr_fpga.srcs/sources_1/new/nfsr.sv:23]
CRITICAL WARNING: [Synth 8-6859] multi-driven net on pin seed[21] with 2nd driver pin 'nfsr[21]' [/home/nhatvan1561/Desktop/senior_design/src/nfsr_fpga/nfsr_fpga.srcs/sources_1/new/nfsr.sv:23]
CRITICAL WARNING: [Synth 8-6859] multi-driven net on pin seed[20] with 1st driver pin 'seed[20]' [/home/nhatvan1561/Desktop/senior_design/src/nfsr_fpga/nfsr_fpga.srcs/sources_1/new/nfsr.sv:23]
CRITICAL WARNING: [Synth 8-6859] multi-driven net on pin seed[20] with 2nd driver pin 'nfsr[20]' [/home/nhatvan1561/Desktop/senior_design/src/nfsr_fpga/nfsr_fpga.srcs/sources_1/new/nfsr.sv:23]
CRITICAL WARNING: [Synth 8-6859] multi-driven net on pin seed[19] with 1st driver pin 'seed[19]' [/home/nhatvan1561/Desktop/senior_design/src/nfsr_fpga/nfsr_fpga.srcs/sources_1/new/nfsr.sv:23]
CRITICAL WARNING: [Synth 8-6859] multi-driven net on pin seed[19] with 2nd driver pin 'nfsr[19]' [/home/nhatvan1561/Desktop/senior_design/src/nfsr_fpga/nfsr_fpga.srcs/sources_1/new/nfsr.sv:23]
CRITICAL WARNING: [Synth 8-6859] multi-driven net on pin seed[18] with 1st driver pin 'seed[18]' [/home/nhatvan1561/Desktop/senior_design/src/nfsr_fpga/nfsr_fpga.srcs/sources_1/new/nfsr.sv:23]
CRITICAL WARNING: [Synth 8-6859] multi-driven net on pin seed[18] with 2nd driver pin 'nfsr[18]' [/home/nhatvan1561/Desktop/senior_design/src/nfsr_fpga/nfsr_fpga.srcs/sources_1/new/nfsr.sv:23]
CRITICAL WARNING: [Synth 8-6859] multi-driven net on pin seed[17] with 1st driver pin 'seed[17]' [/home/nhatvan1561/Desktop/senior_design/src/nfsr_fpga/nfsr_fpga.srcs/sources_1/new/nfsr.sv:23]
CRITICAL WARNING: [Synth 8-6859] multi-driven net on pin seed[17] with 2nd driver pin 'nfsr[17]' [/home/nhatvan1561/Desktop/senior_design/src/nfsr_fpga/nfsr_fpga.srcs/sources_1/new/nfsr.sv:23]
CRITICAL WARNING: [Synth 8-6859] multi-driven net on pin seed[16] with 1st driver pin 'seed[16]' [/home/nhatvan1561/Desktop/senior_design/src/nfsr_fpga/nfsr_fpga.srcs/sources_1/new/nfsr.sv:23]
CRITICAL WARNING: [Synth 8-6859] multi-driven net on pin seed[16] with 2nd driver pin 'nfsr[16]' [/home/nhatvan1561/Desktop/senior_design/src/nfsr_fpga/nfsr_fpga.srcs/sources_1/new/nfsr.sv:23]
CRITICAL WARNING: [Synth 8-6859] multi-driven net on pin seed[15] with 1st driver pin 'seed[15]' [/home/nhatvan1561/Desktop/senior_design/src/nfsr_fpga/nfsr_fpga.srcs/sources_1/new/nfsr.sv:23]
CRITICAL WARNING: [Synth 8-6859] multi-driven net on pin seed[15] with 2nd driver pin 'nfsr[15]' [/home/nhatvan1561/Desktop/senior_design/src/nfsr_fpga/nfsr_fpga.srcs/sources_1/new/nfsr.sv:23]
CRITICAL WARNING: [Synth 8-6859] multi-driven net on pin seed[14] with 1st driver pin 'seed[14]' [/home/nhatvan1561/Desktop/senior_design/src/nfsr_fpga/nfsr_fpga.srcs/sources_1/new/nfsr.sv:23]
CRITICAL WARNING: [Synth 8-6859] multi-driven net on pin seed[14] with 2nd driver pin 'nfsr[14]' [/home/nhatvan1561/Desktop/senior_design/src/nfsr_fpga/nfsr_fpga.srcs/sources_1/new/nfsr.sv:23]
CRITICAL WARNING: [Synth 8-6859] multi-driven net on pin seed[13] with 1st driver pin 'seed[13]' [/home/nhatvan1561/Desktop/senior_design/src/nfsr_fpga/nfsr_fpga.srcs/sources_1/new/nfsr.sv:23]
CRITICAL WARNING: [Synth 8-6859] multi-driven net on pin seed[13] with 2nd driver pin 'nfsr[13]' [/home/nhatvan1561/Desktop/senior_design/src/nfsr_fpga/nfsr_fpga.srcs/sources_1/new/nfsr.sv:23]
CRITICAL WARNING: [Synth 8-6859] multi-driven net on pin seed[12] with 1st driver pin 'seed[12]' [/home/nhatvan1561/Desktop/senior_design/src/nfsr_fpga/nfsr_fpga.srcs/sources_1/new/nfsr.sv:23]
CRITICAL WARNING: [Synth 8-6859] multi-driven net on pin seed[12] with 2nd driver pin 'nfsr[12]' [/home/nhatvan1561/Desktop/senior_design/src/nfsr_fpga/nfsr_fpga.srcs/sources_1/new/nfsr.sv:23]
CRITICAL WARNING: [Synth 8-6859] multi-driven net on pin seed[11] with 1st driver pin 'seed[11]' [/home/nhatvan1561/Desktop/senior_design/src/nfsr_fpga/nfsr_fpga.srcs/sources_1/new/nfsr.sv:23]
CRITICAL WARNING: [Synth 8-6859] multi-driven net on pin seed[11] with 2nd driver pin 'nfsr[11]' [/home/nhatvan1561/Desktop/senior_design/src/nfsr_fpga/nfsr_fpga.srcs/sources_1/new/nfsr.sv:23]
CRITICAL WARNING: [Synth 8-6859] multi-driven net on pin seed[10] with 1st driver pin 'seed[10]' [/home/nhatvan1561/Desktop/senior_design/src/nfsr_fpga/nfsr_fpga.srcs/sources_1/new/nfsr.sv:23]
CRITICAL WARNING: [Synth 8-6859] multi-driven net on pin seed[10] with 2nd driver pin 'nfsr[10]' [/home/nhatvan1561/Desktop/senior_design/src/nfsr_fpga/nfsr_fpga.srcs/sources_1/new/nfsr.sv:23]
CRITICAL WARNING: [Synth 8-6859] multi-driven net on pin seed[9] with 1st driver pin 'seed[9]' [/home/nhatvan1561/Desktop/senior_design/src/nfsr_fpga/nfsr_fpga.srcs/sources_1/new/nfsr.sv:23]
CRITICAL WARNING: [Synth 8-6859] multi-driven net on pin seed[9] with 2nd driver pin 'nfsr[9]' [/home/nhatvan1561/Desktop/senior_design/src/nfsr_fpga/nfsr_fpga.srcs/sources_1/new/nfsr.sv:23]
CRITICAL WARNING: [Synth 8-6859] multi-driven net on pin seed[8] with 1st driver pin 'seed[8]' [/home/nhatvan1561/Desktop/senior_design/src/nfsr_fpga/nfsr_fpga.srcs/sources_1/new/nfsr.sv:23]
CRITICAL WARNING: [Synth 8-6859] multi-driven net on pin seed[8] with 2nd driver pin 'nfsr[8]' [/home/nhatvan1561/Desktop/senior_design/src/nfsr_fpga/nfsr_fpga.srcs/sources_1/new/nfsr.sv:23]
CRITICAL WARNING: [Synth 8-6859] multi-driven net on pin seed[7] with 1st driver pin 'seed[7]' [/home/nhatvan1561/Desktop/senior_design/src/nfsr_fpga/nfsr_fpga.srcs/sources_1/new/nfsr.sv:23]
CRITICAL WARNING: [Synth 8-6859] multi-driven net on pin seed[7] with 2nd driver pin 'nfsr[7]' [/home/nhatvan1561/Desktop/senior_design/src/nfsr_fpga/nfsr_fpga.srcs/sources_1/new/nfsr.sv:23]
CRITICAL WARNING: [Synth 8-6859] multi-driven net on pin seed[6] with 1st driver pin 'seed[6]' [/home/nhatvan1561/Desktop/senior_design/src/nfsr_fpga/nfsr_fpga.srcs/sources_1/new/nfsr.sv:23]
CRITICAL WARNING: [Synth 8-6859] multi-driven net on pin seed[6] with 2nd driver pin 'nfsr[6]' [/home/nhatvan1561/Desktop/senior_design/src/nfsr_fpga/nfsr_fpga.srcs/sources_1/new/nfsr.sv:23]
CRITICAL WARNING: [Synth 8-6859] multi-driven net on pin seed[5] with 1st driver pin 'seed[5]' [/home/nhatvan1561/Desktop/senior_design/src/nfsr_fpga/nfsr_fpga.srcs/sources_1/new/nfsr.sv:23]
CRITICAL WARNING: [Synth 8-6859] multi-driven net on pin seed[5] with 2nd driver pin 'nfsr[5]' [/home/nhatvan1561/Desktop/senior_design/src/nfsr_fpga/nfsr_fpga.srcs/sources_1/new/nfsr.sv:23]
CRITICAL WARNING: [Synth 8-6859] multi-driven net on pin seed[4] with 1st driver pin 'seed[4]' [/home/nhatvan1561/Desktop/senior_design/src/nfsr_fpga/nfsr_fpga.srcs/sources_1/new/nfsr.sv:23]
CRITICAL WARNING: [Synth 8-6859] multi-driven net on pin seed[4] with 2nd driver pin 'nfsr[4]' [/home/nhatvan1561/Desktop/senior_design/src/nfsr_fpga/nfsr_fpga.srcs/sources_1/new/nfsr.sv:23]
CRITICAL WARNING: [Synth 8-6859] multi-driven net on pin seed[3] with 1st driver pin 'seed[3]' [/home/nhatvan1561/Desktop/senior_design/src/nfsr_fpga/nfsr_fpga.srcs/sources_1/new/nfsr.sv:23]
CRITICAL WARNING: [Synth 8-6859] multi-driven net on pin seed[3] with 2nd driver pin 'nfsr[3]' [/home/nhatvan1561/Desktop/senior_design/src/nfsr_fpga/nfsr_fpga.srcs/sources_1/new/nfsr.sv:23]
CRITICAL WARNING: [Synth 8-6859] multi-driven net on pin seed[2] with 1st driver pin 'seed[2]' [/home/nhatvan1561/Desktop/senior_design/src/nfsr_fpga/nfsr_fpga.srcs/sources_1/new/nfsr.sv:23]
CRITICAL WARNING: [Synth 8-6859] multi-driven net on pin seed[2] with 2nd driver pin 'nfsr[2]' [/home/nhatvan1561/Desktop/senior_design/src/nfsr_fpga/nfsr_fpga.srcs/sources_1/new/nfsr.sv:23]
CRITICAL WARNING: [Synth 8-6859] multi-driven net on pin seed[1] with 1st driver pin 'seed[1]' [/home/nhatvan1561/Desktop/senior_design/src/nfsr_fpga/nfsr_fpga.srcs/sources_1/new/nfsr.sv:23]
CRITICAL WARNING: [Synth 8-6859] multi-driven net on pin seed[1] with 2nd driver pin 'nfsr[1]' [/home/nhatvan1561/Desktop/senior_design/src/nfsr_fpga/nfsr_fpga.srcs/sources_1/new/nfsr.sv:23]
CRITICAL WARNING: [Synth 8-6859] multi-driven net on pin seed[0] with 1st driver pin 'seed[0]' [/home/nhatvan1561/Desktop/senior_design/src/nfsr_fpga/nfsr_fpga.srcs/sources_1/new/nfsr.sv:23]
CRITICAL WARNING: [Synth 8-6859] multi-driven net on pin seed[0] with 2nd driver pin 'nfsr[0]' [/home/nhatvan1561/Desktop/senior_design/src/nfsr_fpga/nfsr_fpga.srcs/sources_1/new/nfsr.sv:23]

Report Check Netlist: 
+------+------------------+-------+---------+-------+------------------+
|      |Item              |Errors |Warnings |Status |Description       |
+------+------------------+-------+---------+-------+------------------+
|1     |multi_driven_nets |      0|       32|Failed |Multi driven nets |
+------+------------------+-------+---------+-------+------------------+
---------------------------------------------------------------------------------
Start Handling Custom Attributes
---------------------------------------------------------------------------------
---------------------------------------------------------------------------------
Finished Handling Custom Attributes : Time (s): cpu = 00:00:05 ; elapsed = 00:00:05 . Memory (MB): peak = 2036.000 ; gain = 456.551 ; free physical = 301 ; free virtual = 11623
Synthesis current peak Physical Memory [PSS] (MB): peak = 1381.395; parent = 1168.704; children = 212.690
Synthesis current peak Virtual Memory [VSS] (MB): peak = 3048.441; parent = 2036.004; children = 1012.438
---------------------------------------------------------------------------------
---------------------------------------------------------------------------------
Finished RTL Optimization Phase 1 : Time (s): cpu = 00:00:05 ; elapsed = 00:00:05 . Memory (MB): peak = 2036.000 ; gain = 456.551 ; free physical = 301 ; free virtual = 11623
Synthesis current peak Physical Memory [PSS] (MB): peak = 1381.395; parent = 1168.704; children = 212.690
Synthesis current peak Virtual Memory [VSS] (MB): peak = 3048.441; parent = 2036.004; children = 1012.438
---------------------------------------------------------------------------------
Netlist sorting complete. Time (s): cpu = 00:00:00 ; elapsed = 00:00:00 . Memory (MB): peak = 2036.000 ; gain = 0.000 ; free physical = 298 ; free virtual = 11621
WARNING: [Netlist 29-1115] Found multi-term driver net: seed[0].
WARNING: [Netlist 29-1115] Found multi-term driver net: seed[10].
WARNING: [Netlist 29-1115] Found multi-term driver net: seed[11].
WARNING: [Netlist 29-1115] Found multi-term driver net: seed[12].
WARNING: [Netlist 29-1115] Found multi-term driver net: seed[13].
WARNING: [Netlist 29-1115] Found multi-term driver net: seed[14].
WARNING: [Netlist 29-1115] Found multi-term driver net: seed[15].
WARNING: [Netlist 29-1115] Found multi-term driver net: seed[16].
WARNING: [Netlist 29-1115] Found multi-term driver net: seed[17].
WARNING: [Netlist 29-1115] Found multi-term driver net: seed[18].
WARNING: [Netlist 29-1115] Found multi-term driver net: seed[19].
WARNING: [Netlist 29-1115] Found multi-term driver net: seed[1].
WARNING: [Netlist 29-1115] Found multi-term driver net: seed[20].
WARNING: [Netlist 29-1115] Found multi-term driver net: seed[21].
WARNING: [Netlist 29-1115] Found multi-term driver net: seed[22].
WARNING: [Netlist 29-1115] Found multi-term driver net: seed[23].
WARNING: [Netlist 29-1115] Found multi-term driver net: seed[24].
WARNING: [Netlist 29-1115] Found multi-term driver net: seed[25].
WARNING: [Netlist 29-1115] Found multi-term driver net: seed[26].
WARNING: [Netlist 29-1115] Found multi-term driver net: seed[27].
WARNING: [Netlist 29-1115] Found multi-term driver net: seed[28].
WARNING: [Netlist 29-1115] Found multi-term driver net: seed[29].
WARNING: [Netlist 29-1115] Found multi-term driver net: seed[2].
WARNING: [Netlist 29-1115] Found multi-term driver net: seed[30].
WARNING: [Netlist 29-1115] Found multi-term driver net: seed[31].
WARNING: [Netlist 29-1115] Found multi-term driver net: seed[3].
WARNING: [Netlist 29-1115] Found multi-term driver net: seed[4].
WARNING: [Netlist 29-1115] Found multi-term driver net: seed[5].
WARNING: [Netlist 29-1115] Found multi-term driver net: seed[6].
WARNING: [Netlist 29-1115] Found multi-term driver net: seed[7].
WARNING: [Netlist 29-1115] Found multi-term driver net: seed[8].
WARNING: [Netlist 29-1115] Found multi-term driver net: seed[9].
INFO: [Project 1-570] Preparing netlist for logic optimization

Processing XDC Constraints
Initializing timing engine
Parsing XDC File [/home/nhatvan1561/Desktop/senior_design/src/Nexys4DDR_master.xdc]
Finished Parsing XDC File [/home/nhatvan1561/Desktop/senior_design/src/Nexys4DDR_master.xdc]
Completed Processing XDC Constraints

Netlist sorting complete. Time (s): cpu = 00:00:00 ; elapsed = 00:00:00 . Memory (MB): peak = 2182.750 ; gain = 0.000 ; free physical = 185 ; free virtual = 11521
INFO: [Project 1-111] Unisim Transformation Summary:
No Unisim elements were transformed.

Constraint Validation Runtime : Time (s): cpu = 00:00:00 ; elapsed = 00:00:00 . Memory (MB): peak = 2182.750 ; gain = 0.000 ; free physical = 185 ; free virtual = 11521
INFO: [Synth 8-11241] undeclared symbol 'REGCCE', assumed default net type 'wire' [/tools/Xilinx/Vivado/2022.2/data/verilog/src/unimacro/BRAM_SINGLE_MACRO.v:2170]
---------------------------------------------------------------------------------
Finished Constraint Validation : Time (s): cpu = 00:00:10 ; elapsed = 00:00:11 . Memory (MB): peak = 2182.750 ; gain = 603.301 ; free physical = 226 ; free virtual = 11562
Synthesis current peak Physical Memory [PSS] (MB): peak = 1381.395; parent = 1168.704; children = 212.690
Synthesis current peak Virtual Memory [VSS] (MB): peak = 3163.176; parent = 2150.738; children = 1012.438
---------------------------------------------------------------------------------
---------------------------------------------------------------------------------
Start Loading Part and Timing Information
---------------------------------------------------------------------------------
Loading part: xc7a100tcsg324-3
---------------------------------------------------------------------------------
Finished Loading Part and Timing Information : Time (s): cpu = 00:00:10 ; elapsed = 00:00:11 . Memory (MB): peak = 2182.750 ; gain = 603.301 ; free physical = 226 ; free virtual = 11562
Synthesis current peak Physical Memory [PSS] (MB): peak = 1381.395; parent = 1168.704; children = 212.690
Synthesis current peak Virtual Memory [VSS] (MB): peak = 3163.176; parent = 2150.738; children = 1012.438
---------------------------------------------------------------------------------
---------------------------------------------------------------------------------
Start Applying 'set_property' XDC Constraints
---------------------------------------------------------------------------------
---------------------------------------------------------------------------------
Finished applying 'set_property' XDC Constraints : Time (s): cpu = 00:00:10 ; elapsed = 00:00:11 . Memory (MB): peak = 2182.750 ; gain = 603.301 ; free physical = 226 ; free virtual = 11562
Synthesis current peak Physical Memory [PSS] (MB): peak = 1381.395; parent = 1168.704; children = 212.690
Synthesis current peak Virtual Memory [VSS] (MB): peak = 3163.176; parent = 2150.738; children = 1012.438
---------------------------------------------------------------------------------
---------------------------------------------------------------------------------
Finished RTL Optimization Phase 2 : Time (s): cpu = 00:00:11 ; elapsed = 00:00:12 . Memory (MB): peak = 2182.750 ; gain = 603.301 ; free physical = 219 ; free virtual = 11556
Synthesis current peak Physical Memory [PSS] (MB): peak = 1381.395; parent = 1168.704; children = 212.690
Synthesis current peak Virtual Memory [VSS] (MB): peak = 3163.176; parent = 2150.738; children = 1012.438
---------------------------------------------------------------------------------
---------------------------------------------------------------------------------
Start RTL Component Statistics 
---------------------------------------------------------------------------------
Detailed RTL Component Info : 
+---XORs : 
	  12 Input      1 Bit         XORs := 1     
+---Registers : 
	               32 Bit    Registers := 1     
	                1 Bit    Registers := 1     
---------------------------------------------------------------------------------
Finished RTL Component Statistics 
---------------------------------------------------------------------------------
---------------------------------------------------------------------------------
Start Part Resource Summary
---------------------------------------------------------------------------------
Part Resources:
DSPs: 240 (col length:80)
BRAMs: 270 (col length: RAMB18 80 RAMB36 40)
---------------------------------------------------------------------------------
Finished Part Resource Summary
---------------------------------------------------------------------------------
---------------------------------------------------------------------------------
Start Cross Boundary and Area Optimization
---------------------------------------------------------------------------------
WARNING: [Synth 8-7080] Parallel synthesis criteria is not met
WARNING: [Synth 8-7129] Port en in module nfsr is either unconnected or has no load
---------------------------------------------------------------------------------
Finished Cross Boundary and Area Optimization : Time (s): cpu = 00:00:12 ; elapsed = 00:00:13 . Memory (MB): peak = 2182.750 ; gain = 603.301 ; free physical = 200 ; free virtual = 11542
Synthesis current peak Physical Memory [PSS] (MB): peak = 1381.395; parent = 1168.704; children = 212.690
Synthesis current peak Virtual Memory [VSS] (MB): peak = 3163.176; parent = 2150.738; children = 1012.438
---------------------------------------------------------------------------------
---------------------------------------------------------------------------------
Start Applying XDC Timing Constraints
---------------------------------------------------------------------------------
---------------------------------------------------------------------------------
Finished Applying XDC Timing Constraints : Time (s): cpu = 00:00:16 ; elapsed = 00:00:17 . Memory (MB): peak = 2182.750 ; gain = 603.301 ; free physical = 125 ; free virtual = 11449
Synthesis current peak Physical Memory [PSS] (MB): peak = 1474.443; parent = 1262.691; children = 212.690
Synthesis current peak Virtual Memory [VSS] (MB): peak = 3163.176; parent = 2150.738; children = 1012.438
---------------------------------------------------------------------------------
---------------------------------------------------------------------------------
Start Timing Optimization
---------------------------------------------------------------------------------
---------------------------------------------------------------------------------
Finished Timing Optimization : Time (s): cpu = 00:00:16 ; elapsed = 00:00:17 . Memory (MB): peak = 2182.750 ; gain = 603.301 ; free physical = 125 ; free virtual = 11449
Synthesis current peak Physical Memory [PSS] (MB): peak = 1474.443; parent = 1262.691; children = 212.690
Synthesis current peak Virtual Memory [VSS] (MB): peak = 3163.176; parent = 2150.738; children = 1012.438
---------------------------------------------------------------------------------
---------------------------------------------------------------------------------
Start Technology Mapping
---------------------------------------------------------------------------------
---------------------------------------------------------------------------------
Finished Technology Mapping : Time (s): cpu = 00:00:16 ; elapsed = 00:00:17 . Memory (MB): peak = 2182.750 ; gain = 603.301 ; free physical = 119 ; free virtual = 11441
Synthesis current peak Physical Memory [PSS] (MB): peak = 1474.854; parent = 1263.102; children = 212.690
Synthesis current peak Virtual Memory [VSS] (MB): peak = 3163.176; parent = 2150.738; children = 1012.438
---------------------------------------------------------------------------------
---------------------------------------------------------------------------------
Start IO Insertion
---------------------------------------------------------------------------------
---------------------------------------------------------------------------------
Start Flattening Before IO Insertion
---------------------------------------------------------------------------------
---------------------------------------------------------------------------------
Finished Flattening Before IO Insertion
---------------------------------------------------------------------------------
---------------------------------------------------------------------------------
Start Final Netlist Cleanup
---------------------------------------------------------------------------------
---------------------------------------------------------------------------------
Finished Final Netlist Cleanup
---------------------------------------------------------------------------------
---------------------------------------------------------------------------------
Finished IO Insertion : Time (s): cpu = 00:00:19 ; elapsed = 00:00:20 . Memory (MB): peak = 2182.750 ; gain = 603.301 ; free physical = 144 ; free virtual = 11436
Synthesis current peak Physical Memory [PSS] (MB): peak = 1475.025; parent = 1263.273; children = 212.690
Synthesis current peak Virtual Memory [VSS] (MB): peak = 3163.176; parent = 2150.738; children = 1012.438
---------------------------------------------------------------------------------
---------------------------------------------------------------------------------
Start Renaming Generated Instances
---------------------------------------------------------------------------------
---------------------------------------------------------------------------------
Finished Renaming Generated Instances : Time (s): cpu = 00:00:19 ; elapsed = 00:00:20 . Memory (MB): peak = 2182.750 ; gain = 603.301 ; free physical = 153 ; free virtual = 11445
Synthesis current peak Physical Memory [PSS] (MB): peak = 1475.025; parent = 1263.273; children = 212.690
Synthesis current peak Virtual Memory [VSS] (MB): peak = 3163.176; parent = 2150.738; children = 1012.438
---------------------------------------------------------------------------------
CRITICAL WARNING: [Synth 8-6859] multi-driven net on pin nfsr_IBUF[31] with 1st driver pin 'nfsr_IBUF[31]_inst/O' [/home/nhatvan1561/Desktop/senior_design/src/nfsr_fpga/nfsr_fpga.srcs/sources_1/new/nfsr.sv:23]
CRITICAL WARNING: [Synth 8-6859] multi-driven net on pin nfsr_IBUF[31] with 2nd driver pin 'seed_IBUF[31]_inst/O' [/home/nhatvan1561/Desktop/senior_design/src/nfsr_fpga/nfsr_fpga.srcs/sources_1/new/nfsr.sv:23]
CRITICAL WARNING: [Synth 8-6859] multi-driven net on pin nfsr_IBUF[31] with 3rd driver pin 'nfsr_reg[31]/Q' [/home/nhatvan1561/Desktop/senior_design/src/nfsr_fpga/nfsr_fpga.srcs/sources_1/new/nfsr.sv:41]
CRITICAL WARNING: [Synth 8-6859] multi-driven net on pin nfsr_IBUF[30] with 1st driver pin 'nfsr_IBUF[30]_inst/O' [/home/nhatvan1561/Desktop/senior_design/src/nfsr_fpga/nfsr_fpga.srcs/sources_1/new/nfsr.sv:23]
CRITICAL WARNING: [Synth 8-6859] multi-driven net on pin nfsr_IBUF[30] with 2nd driver pin 'seed_IBUF[30]_inst/O' [/home/nhatvan1561/Desktop/senior_design/src/nfsr_fpga/nfsr_fpga.srcs/sources_1/new/nfsr.sv:23]
CRITICAL WARNING: [Synth 8-6859] multi-driven net on pin nfsr_IBUF[30] with 3rd driver pin 'nfsr_reg[30]/Q' [/home/nhatvan1561/Desktop/senior_design/src/nfsr_fpga/nfsr_fpga.srcs/sources_1/new/nfsr.sv:41]
CRITICAL WARNING: [Synth 8-6859] multi-driven net on pin nfsr_IBUF[29] with 1st driver pin 'nfsr_IBUF[29]_inst/O' [/home/nhatvan1561/Desktop/senior_design/src/nfsr_fpga/nfsr_fpga.srcs/sources_1/new/nfsr.sv:23]
CRITICAL WARNING: [Synth 8-6859] multi-driven net on pin nfsr_IBUF[29] with 2nd driver pin 'seed_IBUF[29]_inst/O' [/home/nhatvan1561/Desktop/senior_design/src/nfsr_fpga/nfsr_fpga.srcs/sources_1/new/nfsr.sv:23]
CRITICAL WARNING: [Synth 8-6859] multi-driven net on pin nfsr_IBUF[29] with 3rd driver pin 'nfsr_reg[29]/Q' [/home/nhatvan1561/Desktop/senior_design/src/nfsr_fpga/nfsr_fpga.srcs/sources_1/new/nfsr.sv:41]
CRITICAL WARNING: [Synth 8-6859] multi-driven net on pin nfsr_IBUF[28] with 1st driver pin 'nfsr_IBUF[28]_inst/O' [/home/nhatvan1561/Desktop/senior_design/src/nfsr_fpga/nfsr_fpga.srcs/sources_1/new/nfsr.sv:23]
CRITICAL WARNING: [Synth 8-6859] multi-driven net on pin nfsr_IBUF[28] with 2nd driver pin 'seed_IBUF[28]_inst/O' [/home/nhatvan1561/Desktop/senior_design/src/nfsr_fpga/nfsr_fpga.srcs/sources_1/new/nfsr.sv:23]
CRITICAL WARNING: [Synth 8-6859] multi-driven net on pin nfsr_IBUF[28] with 3rd driver pin 'nfsr_reg[28]/Q' [/home/nhatvan1561/Desktop/senior_design/src/nfsr_fpga/nfsr_fpga.srcs/sources_1/new/nfsr.sv:41]
CRITICAL WARNING: [Synth 8-6859] multi-driven net on pin nfsr_IBUF[27] with 1st driver pin 'nfsr_IBUF[27]_inst/O' [/home/nhatvan1561/Desktop/senior_design/src/nfsr_fpga/nfsr_fpga.srcs/sources_1/new/nfsr.sv:23]
CRITICAL WARNING: [Synth 8-6859] multi-driven net on pin nfsr_IBUF[27] with 2nd driver pin 'seed_IBUF[27]_inst/O' [/home/nhatvan1561/Desktop/senior_design/src/nfsr_fpga/nfsr_fpga.srcs/sources_1/new/nfsr.sv:23]
CRITICAL WARNING: [Synth 8-6859] multi-driven net on pin nfsr_IBUF[27] with 3rd driver pin 'nfsr_reg[27]/Q' [/home/nhatvan1561/Desktop/senior_design/src/nfsr_fpga/nfsr_fpga.srcs/sources_1/new/nfsr.sv:41]
CRITICAL WARNING: [Synth 8-6859] multi-driven net on pin nfsr_IBUF[26] with 1st driver pin 'nfsr_IBUF[26]_inst/O' [/home/nhatvan1561/Desktop/senior_design/src/nfsr_fpga/nfsr_fpga.srcs/sources_1/new/nfsr.sv:23]
CRITICAL WARNING: [Synth 8-6859] multi-driven net on pin nfsr_IBUF[26] with 2nd driver pin 'seed_IBUF[26]_inst/O' [/home/nhatvan1561/Desktop/senior_design/src/nfsr_fpga/nfsr_fpga.srcs/sources_1/new/nfsr.sv:23]
CRITICAL WARNING: [Synth 8-6859] multi-driven net on pin nfsr_IBUF[26] with 3rd driver pin 'nfsr_reg[26]/Q' [/home/nhatvan1561/Desktop/senior_design/src/nfsr_fpga/nfsr_fpga.srcs/sources_1/new/nfsr.sv:41]
CRITICAL WARNING: [Synth 8-6859] multi-driven net on pin nfsr_IBUF[25] with 1st driver pin 'nfsr_IBUF[25]_inst/O' [/home/nhatvan1561/Desktop/senior_design/src/nfsr_fpga/nfsr_fpga.srcs/sources_1/new/nfsr.sv:23]
CRITICAL WARNING: [Synth 8-6859] multi-driven net on pin nfsr_IBUF[25] with 2nd driver pin 'seed_IBUF[25]_inst/O' [/home/nhatvan1561/Desktop/senior_design/src/nfsr_fpga/nfsr_fpga.srcs/sources_1/new/nfsr.sv:23]
CRITICAL WARNING: [Synth 8-6859] multi-driven net on pin nfsr_IBUF[25] with 3rd driver pin 'nfsr_reg[25]/Q' [/home/nhatvan1561/Desktop/senior_design/src/nfsr_fpga/nfsr_fpga.srcs/sources_1/new/nfsr.sv:41]
CRITICAL WARNING: [Synth 8-6859] multi-driven net on pin nfsr_IBUF[24] with 1st driver pin 'nfsr_IBUF[24]_inst/O' [/home/nhatvan1561/Desktop/senior_design/src/nfsr_fpga/nfsr_fpga.srcs/sources_1/new/nfsr.sv:23]
CRITICAL WARNING: [Synth 8-6859] multi-driven net on pin nfsr_IBUF[24] with 2nd driver pin 'seed_IBUF[24]_inst/O' [/home/nhatvan1561/Desktop/senior_design/src/nfsr_fpga/nfsr_fpga.srcs/sources_1/new/nfsr.sv:23]
CRITICAL WARNING: [Synth 8-6859] multi-driven net on pin nfsr_IBUF[24] with 3rd driver pin 'nfsr_reg[24]/Q' [/home/nhatvan1561/Desktop/senior_design/src/nfsr_fpga/nfsr_fpga.srcs/sources_1/new/nfsr.sv:41]
CRITICAL WARNING: [Synth 8-6859] multi-driven net on pin nfsr_IBUF[23] with 1st driver pin 'nfsr_IBUF[23]_inst/O' [/home/nhatvan1561/Desktop/senior_design/src/nfsr_fpga/nfsr_fpga.srcs/sources_1/new/nfsr.sv:23]
CRITICAL WARNING: [Synth 8-6859] multi-driven net on pin nfsr_IBUF[23] with 2nd driver pin 'seed_IBUF[23]_inst/O' [/home/nhatvan1561/Desktop/senior_design/src/nfsr_fpga/nfsr_fpga.srcs/sources_1/new/nfsr.sv:23]
CRITICAL WARNING: [Synth 8-6859] multi-driven net on pin nfsr_IBUF[23] with 3rd driver pin 'nfsr_reg[23]/Q' [/home/nhatvan1561/Desktop/senior_design/src/nfsr_fpga/nfsr_fpga.srcs/sources_1/new/nfsr.sv:41]
CRITICAL WARNING: [Synth 8-6859] multi-driven net on pin nfsr_IBUF[22] with 1st driver pin 'nfsr_IBUF[22]_inst/O' [/home/nhatvan1561/Desktop/senior_design/src/nfsr_fpga/nfsr_fpga.srcs/sources_1/new/nfsr.sv:23]
CRITICAL WARNING: [Synth 8-6859] multi-driven net on pin nfsr_IBUF[22] with 2nd driver pin 'seed_IBUF[22]_inst/O' [/home/nhatvan1561/Desktop/senior_design/src/nfsr_fpga/nfsr_fpga.srcs/sources_1/new/nfsr.sv:23]
CRITICAL WARNING: [Synth 8-6859] multi-driven net on pin nfsr_IBUF[22] with 3rd driver pin 'nfsr_reg[22]/Q' [/home/nhatvan1561/Desktop/senior_design/src/nfsr_fpga/nfsr_fpga.srcs/sources_1/new/nfsr.sv:41]
CRITICAL WARNING: [Synth 8-6859] multi-driven net on pin nfsr_IBUF[21] with 1st driver pin 'nfsr_IBUF[21]_inst/O' [/home/nhatvan1561/Desktop/senior_design/src/nfsr_fpga/nfsr_fpga.srcs/sources_1/new/nfsr.sv:23]
CRITICAL WARNING: [Synth 8-6859] multi-driven net on pin nfsr_IBUF[21] with 2nd driver pin 'seed_IBUF[21]_inst/O' [/home/nhatvan1561/Desktop/senior_design/src/nfsr_fpga/nfsr_fpga.srcs/sources_1/new/nfsr.sv:23]
CRITICAL WARNING: [Synth 8-6859] multi-driven net on pin nfsr_IBUF[21] with 3rd driver pin 'nfsr_reg[21]/Q' [/home/nhatvan1561/Desktop/senior_design/src/nfsr_fpga/nfsr_fpga.srcs/sources_1/new/nfsr.sv:41]
CRITICAL WARNING: [Synth 8-6859] multi-driven net on pin nfsr_IBUF[20] with 1st driver pin 'nfsr_IBUF[20]_inst/O' [/home/nhatvan1561/Desktop/senior_design/src/nfsr_fpga/nfsr_fpga.srcs/sources_1/new/nfsr.sv:23]
CRITICAL WARNING: [Synth 8-6859] multi-driven net on pin nfsr_IBUF[20] with 2nd driver pin 'seed_IBUF[20]_inst/O' [/home/nhatvan1561/Desktop/senior_design/src/nfsr_fpga/nfsr_fpga.srcs/sources_1/new/nfsr.sv:23]
CRITICAL WARNING: [Synth 8-6859] multi-driven net on pin nfsr_IBUF[20] with 3rd driver pin 'nfsr_reg[20]/Q' [/home/nhatvan1561/Desktop/senior_design/src/nfsr_fpga/nfsr_fpga.srcs/sources_1/new/nfsr.sv:41]
INFO: [Common 17-14] Message 'Synth 8-6859' appears 100 times and further instances of the messages will be disabled. Use the Tcl command set_msg_config to change the current settings.

Report Check Netlist: 
+------+------------------+-------+---------+-------+------------------+
|      |Item              |Errors |Warnings |Status |Description       |
+------+------------------+-------+---------+-------+------------------+
|1     |multi_driven_nets |      0|       32|Failed |Multi driven nets |
+------+------------------+-------+---------+-------+------------------+
---------------------------------------------------------------------------------
Start Rebuilding User Hierarchy
---------------------------------------------------------------------------------
---------------------------------------------------------------------------------
Finished Rebuilding User Hierarchy : Time (s): cpu = 00:00:19 ; elapsed = 00:00:20 . Memory (MB): peak = 2182.750 ; gain = 603.301 ; free physical = 151 ; free virtual = 11443
Synthesis current peak Physical Memory [PSS] (MB): peak = 1475.025; parent = 1263.273; children = 212.690
Synthesis current peak Virtual Memory [VSS] (MB): peak = 3163.176; parent = 2150.738; children = 1012.438
---------------------------------------------------------------------------------
---------------------------------------------------------------------------------
Start Renaming Generated Ports
---------------------------------------------------------------------------------
---------------------------------------------------------------------------------
Finished Renaming Generated Ports : Time (s): cpu = 00:00:19 ; elapsed = 00:00:20 . Memory (MB): peak = 2182.750 ; gain = 603.301 ; free physical = 151 ; free virtual = 11443
Synthesis current peak Physical Memory [PSS] (MB): peak = 1475.025; parent = 1263.273; children = 212.690
Synthesis current peak Virtual Memory [VSS] (MB): peak = 3163.176; parent = 2150.738; children = 1012.438
---------------------------------------------------------------------------------
---------------------------------------------------------------------------------
Start Handling Custom Attributes
---------------------------------------------------------------------------------
---------------------------------------------------------------------------------
Finished Handling Custom Attributes : Time (s): cpu = 00:00:19 ; elapsed = 00:00:20 . Memory (MB): peak = 2182.750 ; gain = 603.301 ; free physical = 150 ; free virtual = 11442
Synthesis current peak Physical Memory [PSS] (MB): peak = 1475.025; parent = 1263.273; children = 212.690
Synthesis current peak Virtual Memory [VSS] (MB): peak = 3163.176; parent = 2150.738; children = 1012.438
---------------------------------------------------------------------------------
---------------------------------------------------------------------------------
Start Renaming Generated Nets
---------------------------------------------------------------------------------
---------------------------------------------------------------------------------
Finished Renaming Generated Nets : Time (s): cpu = 00:00:19 ; elapsed = 00:00:20 . Memory (MB): peak = 2182.750 ; gain = 603.301 ; free physical = 149 ; free virtual = 11441
Synthesis current peak Physical Memory [PSS] (MB): peak = 1475.025; parent = 1263.273; children = 212.690
Synthesis current peak Virtual Memory [VSS] (MB): peak = 3163.176; parent = 2150.738; children = 1012.438
---------------------------------------------------------------------------------
---------------------------------------------------------------------------------
Start Writing Synthesis Report
---------------------------------------------------------------------------------

Report BlackBoxes: 
+-+--------------+----------+
| |BlackBox name |Instances |
+-+--------------+----------+
+-+--------------+----------+

Report Cell Usage: 
+------+-----+------+
|      |Cell |Count |
+------+-----+------+
|1     |BUFG |     1|
|2     |LUT1 |     1|
|3     |LUT4 |     2|
|4     |LUT5 |     1|
|5     |LUT6 |     1|
|6     |FDRE |    33|
|7     |IBUF |    66|
|8     |OBUF |     1|
+------+-----+------+
---------------------------------------------------------------------------------
Finished Writing Synthesis Report : Time (s): cpu = 00:00:19 ; elapsed = 00:00:20 . Memory (MB): peak = 2182.750 ; gain = 603.301 ; free physical = 149 ; free virtual = 11441
Synthesis current peak Physical Memory [PSS] (MB): peak = 1475.025; parent = 1263.273; children = 212.690
Synthesis current peak Virtual Memory [VSS] (MB): peak = 3163.176; parent = 2150.738; children = 1012.438
---------------------------------------------------------------------------------
Synthesis finished with 0 errors, 96 critical warnings and 2 warnings.
Synthesis Optimization Runtime : Time (s): cpu = 00:00:18 ; elapsed = 00:00:19 . Memory (MB): peak = 2182.750 ; gain = 456.551 ; free physical = 194 ; free virtual = 11485
Synthesis Optimization Complete : Time (s): cpu = 00:00:19 ; elapsed = 00:00:20 . Memory (MB): peak = 2182.750 ; gain = 603.301 ; free physical = 193 ; free virtual = 11485
INFO: [Project 1-571] Translating synthesized netlist
Netlist sorting complete. Time (s): cpu = 00:00:00 ; elapsed = 00:00:00 . Memory (MB): peak = 2182.750 ; gain = 0.000 ; free physical = 185 ; free virtual = 11479
INFO: [Project 1-570] Preparing netlist for logic optimization
INFO: [Opt 31-138] Pushed 0 inverter(s) to 0 load pin(s).
Netlist sorting complete. Time (s): cpu = 00:00:00 ; elapsed = 00:00:00 . Memory (MB): peak = 2182.750 ; gain = 0.000 ; free physical = 230 ; free virtual = 11526
INFO: [Project 1-111] Unisim Transformation Summary:
No Unisim elements were transformed.

Synth Design complete, checksum: 74fbe8f9
INFO: [Common 17-83] Releasing license: Synthesis
17 Infos, 40 Warnings, 100 Critical Warnings and 0 Errors encountered.
synth_design completed successfully
synth_design: Time (s): cpu = 00:00:25 ; elapsed = 00:00:24 . Memory (MB): peak = 2182.750 ; gain = 916.465 ; free physical = 437 ; free virtual = 11733
INFO: [runtcl-6] Synthesis results are not added to the cache due to CRITICAL_WARNING
INFO: [Common 17-1381] The checkpoint '/home/nhatvan1561/Desktop/senior_design/src/nfsr_fpga/nfsr_fpga.runs/synth_1/nfsr.dcp' has been generated.
INFO: [runtcl-4] Executing : report_utilization -file nfsr_utilization_synth.rpt -pb nfsr_utilization_synth.pb
INFO: [Common 17-206] Exiting Vivado at Tue Apr 11 16:19:16 2023...
