
*** Running vivado
    with args -log main_test.vds -m64 -product Vivado -mode batch -messageDb vivado.pb -notrace -source main_test.tcl


****** Vivado v2022.2 (64-bit)
  **** SW Build 3671981 on Fri Oct 14 04:59:54 MDT 2022
  **** IP Build 3669848 on Fri Oct 14 08:30:02 MDT 2022
    ** Copyright 1986-2022 Xilinx, Inc. All Rights Reserved.

source main_test.tcl -notrace
Command: read_checkpoint -auto_incremental -incremental /home/nhatvan1561/Desktop/senior_design/src/fpga_practice/custom_uart_tx/custom_uart_tx.srcs/utils_1/imports/synth_1/main.dcp
INFO: [Vivado 12-5825] Read reference checkpoint from /home/nhatvan1561/Desktop/senior_design/src/fpga_practice/custom_uart_tx/custom_uart_tx.srcs/utils_1/imports/synth_1/main.dcp for incremental synthesis
INFO: [Vivado 12-7989] Please ensure there are no constraint changes
Command: synth_design -top main_test -part xc7a100tcsg324-3
Starting synth_design
Attempting to get a license for feature 'Synthesis' and/or device 'xc7a100t'
INFO: [Common 17-349] Got license for feature 'Synthesis' and/or device 'xc7a100t'
INFO: [Device 21-403] Loading part xc7a100tcsg324-3
INFO: [Designutils 20-5440] No compile time benefit to using incremental synthesis; A full resynthesis will be run
INFO: [Designutils 20-4379] Flow is switching to default flow due to incremental criteria not met. If you would like to alter this behaviour and have the flow terminate instead, please set the following parameter config_implementation {autoIncr.Synth.RejectBehavior Terminate}
INFO: [Synth 8-7079] Multithreading enabled for synth_design using a maximum of 4 processes.
INFO: [Synth 8-7078] Launching helper process for spawning children vivado processes
INFO: [Synth 8-7075] Helper process launched with PID 16443
INFO: [Synth 8-11241] undeclared symbol 'REGCCE', assumed default net type 'wire' [/tools/Xilinx/Vivado/2022.2/data/verilog/src/unimacro/BRAM_SINGLE_MACRO.v:2170]
WARNING: [Synth 8-11121] redeclaration of ANSI port 'clk' is not allowed [/home/nhatvan1561/Desktop/senior_design/src/fpga_practice/custom_uart_tx/custom_uart_tx.srcs/sources_1/imports/src/custom_uart_tx.sv:35]
WARNING: [Synth 8-11121] redeclaration of ANSI port 'rstn' is not allowed [/home/nhatvan1561/Desktop/senior_design/src/fpga_practice/custom_uart_tx/custom_uart_tx.srcs/sources_1/imports/src/custom_uart_tx.sv:35]
WARNING: [Synth 8-11121] redeclaration of ANSI port 'transmit' is not allowed [/home/nhatvan1561/Desktop/senior_design/src/fpga_practice/custom_uart_tx/custom_uart_tx.srcs/sources_1/imports/src/custom_uart_tx.sv:36]
WARNING: [Synth 8-11121] redeclaration of ANSI port 'data' is not allowed [/home/nhatvan1561/Desktop/senior_design/src/fpga_practice/custom_uart_tx/custom_uart_tx.srcs/sources_1/imports/src/custom_uart_tx.sv:37]
WARNING: [Synth 8-11121] redeclaration of ANSI port 'tx_sig' is not allowed [/home/nhatvan1561/Desktop/senior_design/src/fpga_practice/custom_uart_tx/custom_uart_tx.srcs/sources_1/imports/src/custom_uart_tx.sv:38]
WARNING: [Synth 8-11121] redeclaration of ANSI port 'ready' is not allowed [/home/nhatvan1561/Desktop/senior_design/src/fpga_practice/custom_uart_tx/custom_uart_tx.srcs/sources_1/imports/src/custom_uart_tx.sv:39]
WARNING: [Synth 8-11121] redeclaration of ANSI port 'pause' is not allowed [/home/nhatvan1561/Desktop/senior_design/src/fpga_practice/custom_uart_tx/custom_uart_tx.srcs/sources_1/imports/new/nfsr.sv:34]
WARNING: [Synth 8-11121] redeclaration of ANSI port 'oout' is not allowed [/home/nhatvan1561/Desktop/senior_design/src/fpga_practice/custom_uart_tx/custom_uart_tx.srcs/sources_1/imports/new/nfsr.sv:40]
CRITICAL WARNING: [Synth 8-9339] data object 'nfsr' is already declared [/home/nhatvan1561/Desktop/senior_design/src/fpga_practice/custom_uart_tx/custom_uart_tx.srcs/sources_1/imports/new/nfsr.sv:44]
INFO: [Synth 8-6826] previous declaration of 'nfsr' is from here [/home/nhatvan1561/Desktop/senior_design/src/fpga_practice/custom_uart_tx/custom_uart_tx.srcs/sources_1/imports/new/nfsr.sv:38]
CRITICAL WARNING: [Synth 8-11152] second declaration of 'nfsr' is ignored [/home/nhatvan1561/Desktop/senior_design/src/fpga_practice/custom_uart_tx/custom_uart_tx.srcs/sources_1/imports/new/nfsr.sv:44]
WARNING: [Synth 8-11121] redeclaration of ANSI port 'tx_sig' is not allowed [/home/nhatvan1561/Desktop/senior_design/src/fpga_practice/custom_uart_tx/custom_uart_tx.srcs/sources_1/new/main_test.sv:40]
---------------------------------------------------------------------------------
Starting RTL Elaboration : Time (s): cpu = 00:00:03 ; elapsed = 00:00:04 . Memory (MB): peak = 1954.988 ; gain = 374.738 ; free physical = 183 ; free virtual = 10118
Synthesis current peak Physical Memory [PSS] (MB): peak = 1375.846; parent = 1164.798; children = 211.048
Synthesis current peak Virtual Memory [VSS] (MB): peak = 2937.395; parent = 1954.992; children = 982.402
---------------------------------------------------------------------------------
INFO: [Synth 8-6157] synthesizing module 'main_test' [/home/nhatvan1561/Desktop/senior_design/src/fpga_practice/custom_uart_tx/custom_uart_tx.srcs/sources_1/new/main_test.sv:23]
INFO: [Synth 8-6157] synthesizing module 'nfsr' [/home/nhatvan1561/Desktop/senior_design/src/fpga_practice/custom_uart_tx/custom_uart_tx.srcs/sources_1/imports/new/nfsr.sv:22]
INFO: [Synth 8-6155] done synthesizing module 'nfsr' (0#1) [/home/nhatvan1561/Desktop/senior_design/src/fpga_practice/custom_uart_tx/custom_uart_tx.srcs/sources_1/imports/new/nfsr.sv:22]
INFO: [Synth 8-6157] synthesizing module 'custom_uart_tx' [/home/nhatvan1561/Desktop/senior_design/src/fpga_practice/custom_uart_tx/custom_uart_tx.srcs/sources_1/imports/src/custom_uart_tx.sv:22]
INFO: [Synth 8-6155] done synthesizing module 'custom_uart_tx' (0#1) [/home/nhatvan1561/Desktop/senior_design/src/fpga_practice/custom_uart_tx/custom_uart_tx.srcs/sources_1/imports/src/custom_uart_tx.sv:22]
INFO: [Synth 8-6155] done synthesizing module 'main_test' (0#1) [/home/nhatvan1561/Desktop/senior_design/src/fpga_practice/custom_uart_tx/custom_uart_tx.srcs/sources_1/new/main_test.sv:23]
WARNING: [Synth 8-6014] Unused sequential element ibit_reg was removed.  [/home/nhatvan1561/Desktop/senior_design/src/fpga_practice/custom_uart_tx/custom_uart_tx.srcs/sources_1/imports/new/nfsr.sv:54]
---------------------------------------------------------------------------------
Finished RTL Elaboration : Time (s): cpu = 00:00:05 ; elapsed = 00:00:05 . Memory (MB): peak = 2022.957 ; gain = 442.707 ; free physical = 305 ; free virtual = 10200
Synthesis current peak Physical Memory [PSS] (MB): peak = 1375.846; parent = 1164.798; children = 211.048
Synthesis current peak Virtual Memory [VSS] (MB): peak = 3005.363; parent = 2022.961; children = 982.402
---------------------------------------------------------------------------------
---------------------------------------------------------------------------------
Start Handling Custom Attributes
---------------------------------------------------------------------------------
---------------------------------------------------------------------------------
Finished Handling Custom Attributes : Time (s): cpu = 00:00:05 ; elapsed = 00:00:05 . Memory (MB): peak = 2040.770 ; gain = 460.520 ; free physical = 304 ; free virtual = 10199
Synthesis current peak Physical Memory [PSS] (MB): peak = 1375.846; parent = 1164.798; children = 211.048
Synthesis current peak Virtual Memory [VSS] (MB): peak = 3023.176; parent = 2040.773; children = 982.402
---------------------------------------------------------------------------------
---------------------------------------------------------------------------------
Finished RTL Optimization Phase 1 : Time (s): cpu = 00:00:05 ; elapsed = 00:00:05 . Memory (MB): peak = 2040.770 ; gain = 460.520 ; free physical = 304 ; free virtual = 10199
Synthesis current peak Physical Memory [PSS] (MB): peak = 1375.846; parent = 1164.798; children = 211.048
Synthesis current peak Virtual Memory [VSS] (MB): peak = 3023.176; parent = 2040.773; children = 982.402
---------------------------------------------------------------------------------
Netlist sorting complete. Time (s): cpu = 00:00:00.01 ; elapsed = 00:00:00.01 . Memory (MB): peak = 2040.770 ; gain = 0.000 ; free physical = 300 ; free virtual = 10194
INFO: [Project 1-570] Preparing netlist for logic optimization

Processing XDC Constraints
Initializing timing engine
Parsing XDC File [/home/nhatvan1561/Desktop/senior_design/src/fpga_practice/custom_uart_tx/custom_uart_tx.srcs/constrs_1/imports/fpga_practice/Nexys4DDR_master.xdc]
Finished Parsing XDC File [/home/nhatvan1561/Desktop/senior_design/src/fpga_practice/custom_uart_tx/custom_uart_tx.srcs/constrs_1/imports/fpga_practice/Nexys4DDR_master.xdc]
INFO: [Project 1-236] Implementation specific constraints were found while reading constraint file [/home/nhatvan1561/Desktop/senior_design/src/fpga_practice/custom_uart_tx/custom_uart_tx.srcs/constrs_1/imports/fpga_practice/Nexys4DDR_master.xdc]. These constraints will be ignored for synthesis but will be used in implementation. Impacted constraints are listed in the file [.Xil/main_test_propImpl.xdc].
Resolution: To avoid this warning, move constraints listed in [.Xil/main_test_propImpl.xdc] to another XDC file and exclude this new file from synthesis with the used_in_synthesis property (File Properties dialog in GUI) and re-run elaboration/synthesis.
Completed Processing XDC Constraints

Netlist sorting complete. Time (s): cpu = 00:00:00 ; elapsed = 00:00:00 . Memory (MB): peak = 2198.520 ; gain = 0.000 ; free physical = 210 ; free virtual = 10105
INFO: [Project 1-111] Unisim Transformation Summary:
No Unisim elements were transformed.

Constraint Validation Runtime : Time (s): cpu = 00:00:00 ; elapsed = 00:00:00.01 . Memory (MB): peak = 2198.520 ; gain = 0.000 ; free physical = 210 ; free virtual = 10105
INFO: [Designutils 20-5440] No compile time benefit to using incremental synthesis; A full resynthesis will be run
INFO: [Designutils 20-4379] Flow is switching to default flow due to incremental criteria not met. If you would like to alter this behaviour and have the flow terminate instead, please set the following parameter config_implementation {autoIncr.Synth.RejectBehavior Terminate}
INFO: [Synth 8-11241] undeclared symbol 'REGCCE', assumed default net type 'wire' [/tools/Xilinx/Vivado/2022.2/data/verilog/src/unimacro/BRAM_SINGLE_MACRO.v:2170]
---------------------------------------------------------------------------------
Finished Constraint Validation : Time (s): cpu = 00:00:10 ; elapsed = 00:00:11 . Memory (MB): peak = 2198.520 ; gain = 618.270 ; free physical = 266 ; free virtual = 10162
Synthesis current peak Physical Memory [PSS] (MB): peak = 1375.846; parent = 1164.798; children = 211.048
Synthesis current peak Virtual Memory [VSS] (MB): peak = 3148.910; parent = 2166.508; children = 982.402
---------------------------------------------------------------------------------
---------------------------------------------------------------------------------
Start Loading Part and Timing Information
---------------------------------------------------------------------------------
Loading part: xc7a100tcsg324-3
---------------------------------------------------------------------------------
Finished Loading Part and Timing Information : Time (s): cpu = 00:00:10 ; elapsed = 00:00:11 . Memory (MB): peak = 2198.520 ; gain = 618.270 ; free physical = 268 ; free virtual = 10163
Synthesis current peak Physical Memory [PSS] (MB): peak = 1375.846; parent = 1164.798; children = 211.048
Synthesis current peak Virtual Memory [VSS] (MB): peak = 3148.910; parent = 2166.508; children = 982.402
---------------------------------------------------------------------------------
---------------------------------------------------------------------------------
Start Applying 'set_property' XDC Constraints
---------------------------------------------------------------------------------
---------------------------------------------------------------------------------
Finished applying 'set_property' XDC Constraints : Time (s): cpu = 00:00:10 ; elapsed = 00:00:11 . Memory (MB): peak = 2198.520 ; gain = 618.270 ; free physical = 268 ; free virtual = 10163
Synthesis current peak Physical Memory [PSS] (MB): peak = 1375.846; parent = 1164.798; children = 211.048
Synthesis current peak Virtual Memory [VSS] (MB): peak = 3148.910; parent = 2166.508; children = 982.402
---------------------------------------------------------------------------------
INFO: [Synth 8-802] inferred FSM for state register 'state_reg' in module 'custom_uart_tx'
INFO: [Synth 8-802] inferred FSM for state register 'state_reg' in module 'main_test'
---------------------------------------------------------------------------------------------------
                   State |                     New Encoding |                Previous Encoding 
---------------------------------------------------------------------------------------------------
                STT_IDLE |                              001 |                               10
                STT_DATA |                              010 |                               00
                STT_STOP |                              100 |                               01
---------------------------------------------------------------------------------------------------
INFO: [Synth 8-3354] encoded FSM with state register 'state_reg' using encoding 'one-hot' in module 'custom_uart_tx'
---------------------------------------------------------------------------------------------------
                   State |                     New Encoding |                Previous Encoding 
---------------------------------------------------------------------------------------------------
                 TX_SEND |                              001 |                               00
                PACKGING |                              010 |                               01
                TRANSFER |                              100 |                               10
---------------------------------------------------------------------------------------------------
INFO: [Synth 8-3354] encoded FSM with state register 'state_reg' using encoding 'one-hot' in module 'main_test'
---------------------------------------------------------------------------------
Finished RTL Optimization Phase 2 : Time (s): cpu = 00:00:11 ; elapsed = 00:00:12 . Memory (MB): peak = 2198.520 ; gain = 618.270 ; free physical = 262 ; free virtual = 10157
Synthesis current peak Physical Memory [PSS] (MB): peak = 1375.846; parent = 1164.798; children = 211.048
Synthesis current peak Virtual Memory [VSS] (MB): peak = 3148.910; parent = 2166.508; children = 982.402
---------------------------------------------------------------------------------
---------------------------------------------------------------------------------
Start RTL Component Statistics 
---------------------------------------------------------------------------------
Detailed RTL Component Info : 
+---Adders : 
	   2 Input    3 Bit       Adders := 2     
+---XORs : 
	  12 Input      1 Bit         XORs := 1     
+---Registers : 
	               32 Bit    Registers := 1     
	                8 Bit    Registers := 3     
	                3 Bit    Registers := 2     
	                1 Bit    Registers := 6     
+---Muxes : 
	   3 Input    8 Bit        Muxes := 1     
	   2 Input    8 Bit        Muxes := 2     
	   3 Input    3 Bit        Muxes := 1     
	   2 Input    1 Bit        Muxes := 9     
	   3 Input    1 Bit        Muxes := 12    
---------------------------------------------------------------------------------
Finished RTL Component Statistics 
---------------------------------------------------------------------------------
---------------------------------------------------------------------------------
Start Part Resource Summary
---------------------------------------------------------------------------------
Part Resources:
DSPs: 240 (col length:80)
BRAMs: 270 (col length: RAMB18 80 RAMB36 40)
---------------------------------------------------------------------------------
Finished Part Resource Summary
---------------------------------------------------------------------------------
---------------------------------------------------------------------------------
Start Cross Boundary and Area Optimization
---------------------------------------------------------------------------------
WARNING: [Synth 8-7080] Parallel synthesis criteria is not met
---------------------------------------------------------------------------------
Finished Cross Boundary and Area Optimization : Time (s): cpu = 00:00:12 ; elapsed = 00:00:13 . Memory (MB): peak = 2198.520 ; gain = 618.270 ; free physical = 241 ; free virtual = 10144
Synthesis current peak Physical Memory [PSS] (MB): peak = 1375.846; parent = 1164.798; children = 211.048
Synthesis current peak Virtual Memory [VSS] (MB): peak = 3148.910; parent = 2166.508; children = 982.402
---------------------------------------------------------------------------------
---------------------------------------------------------------------------------
Start Applying XDC Timing Constraints
---------------------------------------------------------------------------------
---------------------------------------------------------------------------------
Finished Applying XDC Timing Constraints : Time (s): cpu = 00:00:16 ; elapsed = 00:00:17 . Memory (MB): peak = 2198.520 ; gain = 618.270 ; free physical = 147 ; free virtual = 10035
Synthesis current peak Physical Memory [PSS] (MB): peak = 1473.647; parent = 1263.576; children = 211.048
Synthesis current peak Virtual Memory [VSS] (MB): peak = 3148.910; parent = 2166.508; children = 982.402
---------------------------------------------------------------------------------
---------------------------------------------------------------------------------
Start Timing Optimization
---------------------------------------------------------------------------------
---------------------------------------------------------------------------------
Finished Timing Optimization : Time (s): cpu = 00:00:16 ; elapsed = 00:00:17 . Memory (MB): peak = 2198.520 ; gain = 618.270 ; free physical = 178 ; free virtual = 10026
Synthesis current peak Physical Memory [PSS] (MB): peak = 1475.151; parent = 1265.088; children = 211.048
Synthesis current peak Virtual Memory [VSS] (MB): peak = 3148.910; parent = 2166.508; children = 982.402
---------------------------------------------------------------------------------
---------------------------------------------------------------------------------
Start Technology Mapping
---------------------------------------------------------------------------------
---------------------------------------------------------------------------------
Finished Technology Mapping : Time (s): cpu = 00:00:16 ; elapsed = 00:00:17 . Memory (MB): peak = 2198.520 ; gain = 618.270 ; free physical = 177 ; free virtual = 10026
Synthesis current peak Physical Memory [PSS] (MB): peak = 1475.499; parent = 1265.436; children = 211.048
Synthesis current peak Virtual Memory [VSS] (MB): peak = 3148.910; parent = 2166.508; children = 982.402
---------------------------------------------------------------------------------
---------------------------------------------------------------------------------
Start IO Insertion
---------------------------------------------------------------------------------
---------------------------------------------------------------------------------
Start Flattening Before IO Insertion
---------------------------------------------------------------------------------
---------------------------------------------------------------------------------
Finished Flattening Before IO Insertion
---------------------------------------------------------------------------------
---------------------------------------------------------------------------------
Start Final Netlist Cleanup
---------------------------------------------------------------------------------
---------------------------------------------------------------------------------
Finished Final Netlist Cleanup
---------------------------------------------------------------------------------
---------------------------------------------------------------------------------
Finished IO Insertion : Time (s): cpu = 00:00:20 ; elapsed = 00:00:21 . Memory (MB): peak = 2198.520 ; gain = 618.270 ; free physical = 185 ; free virtual = 10034
Synthesis current peak Physical Memory [PSS] (MB): peak = 1475.675; parent = 1265.611; children = 211.048
Synthesis current peak Virtual Memory [VSS] (MB): peak = 3148.910; parent = 2166.508; children = 982.402
---------------------------------------------------------------------------------
---------------------------------------------------------------------------------
Start Renaming Generated Instances
---------------------------------------------------------------------------------
---------------------------------------------------------------------------------
Finished Renaming Generated Instances : Time (s): cpu = 00:00:20 ; elapsed = 00:00:21 . Memory (MB): peak = 2198.520 ; gain = 618.270 ; free physical = 185 ; free virtual = 10034
Synthesis current peak Physical Memory [PSS] (MB): peak = 1475.690; parent = 1265.627; children = 211.048
Synthesis current peak Virtual Memory [VSS] (MB): peak = 3148.910; parent = 2166.508; children = 982.402
---------------------------------------------------------------------------------
---------------------------------------------------------------------------------
Start Rebuilding User Hierarchy
---------------------------------------------------------------------------------
---------------------------------------------------------------------------------
Finished Rebuilding User Hierarchy : Time (s): cpu = 00:00:20 ; elapsed = 00:00:21 . Memory (MB): peak = 2198.520 ; gain = 618.270 ; free physical = 185 ; free virtual = 10034
Synthesis current peak Physical Memory [PSS] (MB): peak = 1475.706; parent = 1265.643; children = 211.048
Synthesis current peak Virtual Memory [VSS] (MB): peak = 3148.910; parent = 2166.508; children = 982.402
---------------------------------------------------------------------------------
---------------------------------------------------------------------------------
Start Renaming Generated Ports
---------------------------------------------------------------------------------
---------------------------------------------------------------------------------
Finished Renaming Generated Ports : Time (s): cpu = 00:00:20 ; elapsed = 00:00:21 . Memory (MB): peak = 2198.520 ; gain = 618.270 ; free physical = 185 ; free virtual = 10034
Synthesis current peak Physical Memory [PSS] (MB): peak = 1475.706; parent = 1265.643; children = 211.048
Synthesis current peak Virtual Memory [VSS] (MB): peak = 3148.910; parent = 2166.508; children = 982.402
---------------------------------------------------------------------------------
---------------------------------------------------------------------------------
Start Handling Custom Attributes
---------------------------------------------------------------------------------
---------------------------------------------------------------------------------
Finished Handling Custom Attributes : Time (s): cpu = 00:00:20 ; elapsed = 00:00:21 . Memory (MB): peak = 2198.520 ; gain = 618.270 ; free physical = 185 ; free virtual = 10034
Synthesis current peak Physical Memory [PSS] (MB): peak = 1475.706; parent = 1265.643; children = 211.048
Synthesis current peak Virtual Memory [VSS] (MB): peak = 3148.910; parent = 2166.508; children = 982.402
---------------------------------------------------------------------------------
---------------------------------------------------------------------------------
Start Renaming Generated Nets
---------------------------------------------------------------------------------
---------------------------------------------------------------------------------
Finished Renaming Generated Nets : Time (s): cpu = 00:00:20 ; elapsed = 00:00:21 . Memory (MB): peak = 2198.520 ; gain = 618.270 ; free physical = 185 ; free virtual = 10034
Synthesis current peak Physical Memory [PSS] (MB): peak = 1475.722; parent = 1265.658; children = 211.048
Synthesis current peak Virtual Memory [VSS] (MB): peak = 3148.910; parent = 2166.508; children = 982.402
---------------------------------------------------------------------------------
---------------------------------------------------------------------------------
Start Writing Synthesis Report
---------------------------------------------------------------------------------

Report BlackBoxes: 
+-+--------------+----------+
| |BlackBox name |Instances |
+-+--------------+----------+
+-+--------------+----------+

Report Cell Usage: 
+------+-------+------+
|      |Cell   |Count |
+------+-------+------+
|1     |BUFG   |     1|
|2     |CARRY4 |    12|
|3     |LUT1   |     1|
|4     |LUT2   |    65|
|5     |LUT3   |    14|
|6     |LUT4   |     7|
|7     |LUT5   |     4|
|8     |LUT6   |    25|
|9     |MUXF7  |     1|
|10    |FDRE   |    93|
|11    |FDSE   |    13|
|12    |IBUF   |     2|
|13    |OBUF   |     1|
+------+-------+------+
---------------------------------------------------------------------------------
Finished Writing Synthesis Report : Time (s): cpu = 00:00:20 ; elapsed = 00:00:21 . Memory (MB): peak = 2198.520 ; gain = 618.270 ; free physical = 185 ; free virtual = 10034
Synthesis current peak Physical Memory [PSS] (MB): peak = 1475.769; parent = 1265.705; children = 211.048
Synthesis current peak Virtual Memory [VSS] (MB): peak = 3148.910; parent = 2166.508; children = 982.402
---------------------------------------------------------------------------------
Synthesis finished with 0 errors, 0 critical warnings and 1 warnings.
Synthesis Optimization Runtime : Time (s): cpu = 00:00:18 ; elapsed = 00:00:19 . Memory (MB): peak = 2198.520 ; gain = 460.520 ; free physical = 226 ; free virtual = 10075
Synthesis Optimization Complete : Time (s): cpu = 00:00:20 ; elapsed = 00:00:21 . Memory (MB): peak = 2198.520 ; gain = 618.270 ; free physical = 226 ; free virtual = 10075
INFO: [Project 1-571] Translating synthesized netlist
Netlist sorting complete. Time (s): cpu = 00:00:00 ; elapsed = 00:00:00 . Memory (MB): peak = 2198.520 ; gain = 0.000 ; free physical = 218 ; free virtual = 10067
INFO: [Netlist 29-17] Analyzing 13 Unisim elements for replacement
INFO: [Netlist 29-28] Unisim Transformation completed in 0 CPU seconds
INFO: [Project 1-570] Preparing netlist for logic optimization
INFO: [Opt 31-138] Pushed 0 inverter(s) to 0 load pin(s).
Netlist sorting complete. Time (s): cpu = 00:00:00 ; elapsed = 00:00:00 . Memory (MB): peak = 2198.520 ; gain = 0.000 ; free physical = 276 ; free virtual = 10125
INFO: [Project 1-111] Unisim Transformation Summary:
No Unisim elements were transformed.

Synth Design complete, checksum: b51c766b
INFO: [Common 17-83] Releasing license: Synthesis
34 Infos, 11 Warnings, 2 Critical Warnings and 0 Errors encountered.
synth_design completed successfully
synth_design: Time (s): cpu = 00:00:26 ; elapsed = 00:00:25 . Memory (MB): peak = 2198.520 ; gain = 873.715 ; free physical = 482 ; free virtual = 10331
INFO: [runtcl-6] Synthesis results are not added to the cache due to CRITICAL_WARNING
INFO: [Common 17-1381] The checkpoint '/home/nhatvan1561/Desktop/senior_design/src/fpga_practice/custom_uart_tx/custom_uart_tx.runs/synth_1/main_test.dcp' has been generated.
INFO: [runtcl-4] Executing : report_utilization -file main_test_utilization_synth.rpt -pb main_test_utilization_synth.pb
INFO: [Common 17-206] Exiting Vivado at Mon Apr 17 18:03:55 2023...
